15:27:01: arm_and_takeoff called:
15:27:01: Arming motors
15:27:01:  Waiting for arming...
15:27:02: Taking off starts
15:27:02:  Altitude: 0.002
15:27:03:  Altitude: 0.002
15:27:04:  Altitude: 0.002
15:27:05:  Altitude: 0.144
15:27:06:  Altitude: 1.388
15:27:07:  Altitude: 3.521
15:27:08:  Altitude: 5.492
15:27:09:  Altitude: 7.429
15:27:10:  Altitude: 8.798
15:27:11:  Altitude: 9.624
15:27:11: Reached target altitude
15:27:13: arm_and_takeoff called:
15:27:13: Arming motors
15:27:13:  Waiting for arming...
15:27:14: Taking off starts
15:27:14:  Altitude: 0.004
15:27:15:  Altitude: 0.003
15:27:16:  Altitude: 0.003
15:27:17:  Altitude: 0.05
15:27:18:  Altitude: 0.934
15:27:19:  Altitude: 2.788
15:27:20:  Altitude: 5.314
15:27:21:  Altitude: 7.538
15:27:22:  Altitude: 9.177
15:27:23:  Altitude: 10.283
15:27:23: Reached target altitude
