20:27:21: arm_and_takeoff called:
20:27:21: Arming motors
20:27:21:  Waiting for arming...
20:27:22: Taking off starts
20:27:22:  Altitude: 0.003
20:27:23:  Altitude: 0.003
20:27:24:  Altitude: 0.003
20:27:25:  Altitude: 0.142
20:27:26:  Altitude: 1.366
20:27:27:  Altitude: 3.506
20:27:28:  Altitude: 5.917
20:27:29:  Altitude: 7.736
20:27:30:  Altitude: 9.003
20:27:31:  Altitude: 9.716
20:27:31: Reached target altitude
20:27:33: arm_and_takeoff called:
20:27:33: Arming motors
20:27:33:  Waiting for arming...
20:27:34: Taking off starts
20:27:34:  Altitude: 0.002
20:27:35:  Altitude: 0.002
20:27:36:  Altitude: 0.002
20:27:37:  Altitude: 0.002
20:27:38:  Altitude: 0.353
20:27:39:  Altitude: 1.751
20:27:40:  Altitude: 4.068
20:27:41:  Altitude: 6.527
20:27:42:  Altitude: 8.443
20:27:43:  Altitude: 9.806
20:27:44:  Altitude: 10.623
20:27:44: Reached target altitude
20:27:57: arm_and_takeoff called:
20:27:57: Arming motors
20:27:57:  Waiting for arming...
20:27:58: Taking off starts
20:27:58:  Altitude: 0.003
20:27:59:  Altitude: 0.003
20:28:00:  Altitude: 0.003
20:28:01:  Altitude: 0.156
20:28:02:  Altitude: 1.407
20:28:03:  Altitude: 3.565
20:28:04:  Altitude: 6.119
20:28:05:  Altitude: 8.367
20:28:06:  Altitude: 10.049
20:28:07:  Altitude: 11.2
20:28:08:  Altitude: 11.785
20:28:08: Reached target altitude
