17:57:23: arm_and_takeoff called:
17:57:23: Arming motors
17:57:23:  Waiting for arming...
17:57:24: Taking off starts
17:57:24:  Altitude: 0.003
17:57:25:  Altitude: 0.003
17:57:26:  Altitude: 0.003
17:57:27:  Altitude: 0.092
17:57:28:  Altitude: 1.158
17:57:29:  Altitude: 3.172
17:57:30:  Altitude: 5.622
17:57:31:  Altitude: 7.526
17:57:32:  Altitude: 8.865
17:57:33:  Altitude: 9.657
17:57:33: Reached target altitude
17:57:35: arm_and_takeoff called:
17:57:35: Arming motors
17:57:35:  Waiting for arming...
17:57:36: Taking off starts
17:57:36:  Altitude: 0.002
17:57:37:  Altitude: 0.002
17:57:38:  Altitude: 0.002
17:57:39:  Altitude: 0.056
17:57:40:  Altitude: 0.984
17:57:41:  Altitude: 2.857
17:57:42:  Altitude: 5.399
17:57:43:  Altitude: 7.6
17:57:44:  Altitude: 9.218
17:57:45:  Altitude: 10.294
17:57:45: Reached target altitude
17:57:59: arm_and_takeoff called:
17:57:59: Arming motors
17:57:59:  Waiting for arming...
17:58:00: Taking off starts
17:58:00:  Altitude: 0.002
17:58:01:  Altitude: 0.002
17:58:02:  Altitude: 0.002
17:58:03:  Altitude: 0.118
17:58:04:  Altitude: 1.29
17:58:05:  Altitude: 3.379
17:58:06:  Altitude: 5.942
17:58:07:  Altitude: 8.227
17:58:08:  Altitude: 9.949
17:58:09:  Altitude: 11.13
17:58:10:  Altitude: 11.756
17:58:10: Reached target altitude
