22:30:19: arm_and_takeoff called:
22:30:19: Arming motors
22:30:19:  Waiting for arming...
22:30:20: Taking off starts
22:30:20:  Altitude: 0.003
22:30:21:  Altitude: 0.003
22:30:22:  Altitude: 0.003
22:30:23:  Altitude: 0.061
22:30:24:  Altitude: 0.999
22:30:25:  Altitude: 2.91
22:30:26:  Altitude: 5.389
22:30:27:  Altitude: 7.351
22:30:28:  Altitude: 8.75
22:30:29:  Altitude: 9.6
22:30:29: Reached target altitude
22:30:31: arm_and_takeoff called:
22:30:31: Arming motors
22:30:31:  Waiting for arming...
22:30:32: Taking off starts
22:30:32:  Altitude: 0.003
22:30:33:  Altitude: 0.003
22:30:34:  Altitude: 0.003
22:30:35:  Altitude: 0.006
22:30:36:  Altitude: 0.588
22:30:37:  Altitude: 2.146
22:30:38:  Altitude: 4.569
22:30:39:  Altitude: 6.949
22:30:40:  Altitude: 8.754
22:30:41:  Altitude: 10.018
22:30:42:  Altitude: 10.722
22:30:42: Reached target altitude
22:30:55: arm_and_takeoff called:
22:30:55: Arming motors
22:30:55:  Waiting for arming...
22:30:56: Taking off starts
22:30:56:  Altitude: 0.004
22:30:57:  Altitude: 0.004
22:30:58:  Altitude: 0.004
22:30:59:  Altitude: 0.094
22:31:00:  Altitude: 1.16
22:31:01:  Altitude: 3.182
22:31:02:  Altitude: 5.736
22:31:03:  Altitude: 8.064
22:31:04:  Altitude: 9.84
22:31:05:  Altitude: 11.073
22:31:06:  Altitude: 11.745
22:31:06: Reached target altitude
