11:53:29: arm_and_takeoff called:
11:53:29: Arming motors
11:53:29:  Waiting for arming...
11:53:30: Taking off starts
11:53:30:  Altitude: 0.0
11:53:31: arm_and_takeoff called:
11:53:31: Arming motors
11:53:31:  Waiting for arming...
11:53:31:  Altitude: 0.0
11:53:32: Taking off starts
11:53:32:  Altitude: 0.003
11:53:32:  Altitude: 0.0
11:53:33:  Altitude: 0.003
11:53:33:  Altitude: 0.082
11:53:34:  Altitude: 0.003
11:53:34:  Altitude: 1.133
11:53:35:  Altitude: 0.118
11:53:35:  Altitude: 3.121
11:53:36:  Altitude: 1.289
11:53:36:  Altitude: 5.666
11:53:37:  Altitude: 3.373
11:53:37:  Altitude: 8.008
11:53:38:  Altitude: 5.935
11:53:38:  Altitude: 9.798
11:53:39:  Altitude: 8.421
11:53:39:  Altitude: 11.046
11:53:40:  Altitude: 10.594
11:53:40:  Altitude: 11.734
11:53:40: Reached target altitude
11:53:41:  Altitude: 12.214
11:53:42:  Altitude: 13.298
11:53:42: Reached target altitude
