18:03:13: arm_and_takeoff called:
18:03:13: Arming motors
18:03:13:  Waiting for arming...
18:03:14: Taking off starts
18:03:14:  Altitude: 0.003
18:03:15:  Altitude: 0.003
18:03:16:  Altitude: 0.003
18:03:17:  Altitude: 0.108
18:03:18:  Altitude: 1.239
18:03:19:  Altitude: 3.288
18:03:20:  Altitude: 5.726
18:03:21:  Altitude: 7.599
18:03:22:  Altitude: 8.911
18:03:23:  Altitude: 9.677
18:03:23: Reached target altitude
18:03:25: arm_and_takeoff called:
18:03:25: Arming motors
18:03:25:  Waiting for arming...
18:03:26: Taking off starts
18:03:26:  Altitude: 0.004
18:03:27:  Altitude: 0.003
18:03:28:  Altitude: 0.003
18:03:29:  Altitude: 0.062
18:03:30:  Altitude: 1.017
18:03:31:  Altitude: 2.937
18:03:32:  Altitude: 5.465
18:03:33:  Altitude: 7.649
18:03:34:  Altitude: 9.257
18:03:35:  Altitude: 10.331
18:03:35: Reached target altitude
18:03:49: arm_and_takeoff called:
18:03:49: Arming motors
18:03:49:  Waiting for arming...
18:03:50: Taking off starts
18:03:50:  Altitude: 0.003
18:03:51:  Altitude: 0.003
18:03:52:  Altitude: 0.003
18:03:53:  Altitude: 0.197
18:03:54:  Altitude: 1.492
18:03:55:  Altitude: 3.703
18:03:56:  Altitude: 6.244
18:03:57:  Altitude: 8.464
18:03:58:  Altitude: 10.129
18:03:59:  Altitude: 11.253
18:03:59: Reached target altitude
