15:30:36: arm_and_takeoff called:
15:30:36: Arming motors
15:30:36:  Waiting for arming...
15:30:37: Taking off starts
15:30:37:  Altitude: 0.002
15:30:38:  Altitude: 0.002
15:30:39:  Altitude: 0.002
15:30:40:  Altitude: 0.08
15:30:41:  Altitude: 1.108
15:30:42:  Altitude: 3.097
15:30:43:  Altitude: 5.547
15:30:44:  Altitude: 7.462
15:30:45:  Altitude: 8.821
15:30:46:  Altitude: 9.633
15:30:46: Reached target altitude
15:30:48: arm_and_takeoff called:
15:30:48: Arming motors
15:30:48:  Waiting for arming...
15:30:49: Taking off starts
15:30:49:  Altitude: 0.003
15:30:50:  Altitude: 0.003
15:30:51:  Altitude: 0.003
15:30:52:  Altitude: 0.211
15:30:53:  Altitude: 1.519
15:30:54:  Altitude: 3.733
15:30:55:  Altitude: 6.241
15:30:56:  Altitude: 8.232
15:30:57:  Altitude: 9.667
15:30:58:  Altitude: 10.556
15:30:58: Reached target altitude
15:31:12: arm_and_takeoff called:
15:31:12: Arming motors
15:31:12:  Waiting for arming...
15:31:13: Taking off starts
15:31:13:  Altitude: 0.003
15:31:14:  Altitude: 0.003
15:31:15:  Altitude: 0.003
15:31:16:  Altitude: 0.147
15:31:17:  Altitude: 1.39
15:31:18:  Altitude: 3.538
15:31:19:  Altitude: 6.093
15:31:20:  Altitude: 8.347
15:31:21:  Altitude: 10.041
15:31:22:  Altitude: 11.195
15:31:23:  Altitude: 11.781
15:31:23: Reached target altitude
