17:47:11: arm_and_takeoff called:
17:47:11: Arming motors
17:47:11:  Waiting for arming...
17:47:12: Taking off starts
17:47:12:  Altitude: 0.004
17:47:13:  Altitude: 0.004
17:47:14:  Altitude: 0.004
17:47:15:  Altitude: 0.067
17:47:16:  Altitude: 1.041
17:47:17:  Altitude: 2.964
17:47:18:  Altitude: 5.438
17:47:19:  Altitude: 7.39
17:47:20:  Altitude: 8.768
17:47:21:  Altitude: 9.605
17:47:21: Reached target altitude
17:47:23: arm_and_takeoff called:
17:47:23: Arming motors
17:47:23:  Waiting for arming...
17:47:24:  Waiting for arming...
17:47:25:  Waiting for arming...
17:47:26:  Waiting for arming...
17:47:27:  Waiting for arming...
17:47:28:  Waiting for arming...
17:47:29:  Waiting for arming...
17:47:30:  Waiting for arming...
17:47:31:  Waiting for arming...
17:47:32:  Waiting for arming...
17:47:33:  Waiting for arming...
17:47:34:  Waiting for arming...
17:47:35:  Waiting for arming...
17:47:36:  Waiting for arming...
17:47:37:  Waiting for arming...
17:47:38:  Waiting for arming...
17:47:39:  Waiting for arming...
17:47:40:  Waiting for arming...
17:47:41:  Waiting for arming...
17:47:42:  Waiting for arming...
17:47:43:  Waiting for arming...
17:47:44:  Waiting for arming...
17:47:45:  Waiting for arming...
17:47:46:  Waiting for arming...
17:47:47: arm_and_takeoff called:
17:47:47: Arming motors
17:47:47:  Waiting for arming...
17:47:47:  Waiting for arming...
17:47:48:  Waiting for arming...
17:47:48:  Waiting for arming...
17:47:49:  Waiting for arming...
17:47:49:  Waiting for arming...
17:47:50:  Waiting for arming...
17:47:50:  Waiting for arming...
17:47:51:  Waiting for arming...
17:47:51:  Waiting for arming...
17:47:52:  Waiting for arming...
17:47:52:  Waiting for arming...
17:47:53:  Waiting for arming...
17:47:53:  Waiting for arming...
17:47:54:  Waiting for arming...
17:47:54:  Waiting for arming...
17:47:55:  Waiting for arming...
17:47:55:  Waiting for arming...
17:47:56:  Waiting for arming...
17:47:56:  Waiting for arming...
17:47:57:  Waiting for arming...
17:47:57:  Waiting for arming...
17:47:58:  Waiting for arming...
17:47:58:  Waiting for arming...
17:47:59:  Waiting for arming...
17:47:59:  Waiting for arming...
17:48:00:  Waiting for arming...
17:48:00:  Waiting for arming...
17:48:01:  Waiting for arming...
17:48:01:  Waiting for arming...
17:48:02:  Waiting for arming...
17:48:02:  Waiting for arming...
17:48:03:  Waiting for arming...
17:48:03:  Waiting for arming...
17:48:04:  Waiting for arming...
17:48:05:  Waiting for arming...
17:48:06:  Waiting for arming...
17:48:07:  Waiting for arming...
