10:36:20: arm_and_takeoff called:
10:36:20: Arming motors
10:36:20: Taking off starts
10:36:20:  Altitude: 6.858
10:36:21:  Altitude: 6.857
10:36:22:  Altitude: 6.857
10:36:23:  Altitude: 6.857
10:36:24:  Altitude: 6.857
10:36:25:  Altitude: 6.857
10:36:26:  Altitude: 6.857
10:36:27:  Altitude: 6.857
10:36:28:  Altitude: 6.858
10:36:29:  Altitude: 6.859
10:36:30:  Altitude: 6.858
10:36:31:  Altitude: 6.857
10:36:54: arm_and_takeoff called:
10:36:54: Arming motors
10:36:54: Taking off starts
10:36:54:  Altitude: -0.197
10:36:55:  Altitude: -0.213
10:36:56:  Altitude: 0.28
10:36:57:  Altitude: 1.751
10:36:58:  Altitude: 4.125
10:36:59:  Altitude: 6.484
10:37:00:  Altitude: 8.247
10:37:01:  Altitude: 9.466
10:37:02:  Altitude: 10.127
10:37:02: Reached target altitude
