12:02:02: arm_and_takeoff called:
12:02:02: Arming motors
12:02:02:  Waiting for arming...
12:02:03: arm_and_takeoff called:
12:02:03: Waiting for self to initialise...
12:02:03: Taking off starts
12:02:03:  Altitude: 0.004
12:02:04: Arming motors
12:02:04:  Waiting for arming...
12:02:04:  Altitude: 0.003
12:02:05: Taking off starts
12:02:05:  Altitude: 0.007
12:02:05:  Altitude: 0.003
12:02:06:  Altitude: 0.004
12:02:06:  Altitude: 0.063
12:02:07:  Altitude: 0.002
12:02:07:  Altitude: 1.013
12:02:08:  Altitude: 0.08
12:02:08:  Altitude: 2.923
12:02:09:  Altitude: 1.11
12:02:09:  Altitude: 5.471
12:02:10:  Altitude: 3.098
12:02:10:  Altitude: 7.841
12:02:11:  Altitude: 5.647
12:02:11:  Altitude: 9.68
12:02:12:  Altitude: 8.146
12:02:12:  Altitude: 10.968
12:02:13:  Altitude: 10.372
12:02:13:  Altitude: 11.704
12:02:13: Reached target altitude
12:02:14:  Altitude: 12.067
12:02:15:  Altitude: 13.212
12:02:15: Reached target altitude
