12:12:06: arm_and_takeoff called:
12:12:06: Arming motors
12:12:06:  Waiting for arming...
12:12:07: Taking off starts
12:12:07:  Altitude: 0.003
12:12:08:  Altitude: 0.003
12:12:09:  Altitude: 0.003
12:12:10:  Altitude: 0.135
12:12:11:  Altitude: 1.35
12:12:12:  Altitude: 3.483
12:12:13:  Altitude: 5.884
12:12:14:  Altitude: 7.716
12:12:15:  Altitude: 8.987
12:12:16:  Altitude: 9.711
12:12:16: Reached target altitude
12:12:18: arm_and_takeoff called:
12:12:18: Arming motors
12:12:18:  Waiting for arming...
12:12:19: Taking off starts
12:12:19:  Altitude: 0.003
12:12:20:  Altitude: 0.003
12:12:21:  Altitude: 0.003
12:12:22:  Altitude: 0.044
12:12:23:  Altitude: 0.899
12:12:24:  Altitude: 2.726
12:12:25:  Altitude: 5.259
12:12:26:  Altitude: 7.492
12:12:27:  Altitude: 9.15
12:12:28:  Altitude: 10.265
12:12:28: Reached target altitude
12:12:42: arm_and_takeoff called:
12:12:42: Arming motors
12:12:42:  Waiting for arming...
12:12:43: Taking off starts
12:12:43:  Altitude: 0.003
12:12:44:  Altitude: 0.003
12:12:45:  Altitude: 0.003
12:12:46:  Altitude: 0.116
12:12:47:  Altitude: 1.277
12:12:48:  Altitude: 3.353
12:12:49:  Altitude: 5.913
12:12:50:  Altitude: 8.212
12:12:51:  Altitude: 9.946
12:12:52:  Altitude: 11.135
12:12:53:  Altitude: 11.763
12:12:53: Reached target altitude
