10:39:42: arm_and_takeoff called:
10:39:42: Waiting for self to initialise...
10:39:43: Waiting for self to initialise...
10:39:44: Waiting for self to initialise...
10:39:45: Waiting for self to initialise...
10:39:46: Waiting for self to initialise...
10:39:47: Waiting for self to initialise...
10:39:48: Waiting for self to initialise...
10:39:49: Waiting for self to initialise...
10:39:50: Waiting for self to initialise...
10:39:51: Waiting for self to initialise...
10:39:52: Waiting for self to initialise...
10:39:53: Arming motors
10:39:53:  Waiting for arming...
10:39:54: Taking off starts
10:39:54:  Altitude: 0.003
10:39:55:  Altitude: 0.003
10:39:56:  Altitude: 0.003
10:39:57:  Altitude: 0.127
10:39:58:  Altitude: 1.322
10:39:59:  Altitude: 3.44
10:40:00:  Altitude: 5.859
10:40:01:  Altitude: 7.694
10:40:02:  Altitude: 8.963
10:40:03:  Altitude: 9.692
10:40:03: Reached target altitude
10:40:05: arm_and_takeoff called:
10:40:05: Arming motors
10:40:05:  Waiting for arming...
10:40:06: Taking off starts
10:40:06:  Altitude: 0.003
10:40:07:  Altitude: 0.003
10:40:08:  Altitude: 0.003
10:40:09:  Altitude: 0.077
10:40:10:  Altitude: 1.082
10:40:11:  Altitude: 3.064
10:40:12:  Altitude: 5.601
10:40:13:  Altitude: 7.762
10:40:14:  Altitude: 9.332
10:40:15:  Altitude: 10.425
10:40:15: Reached target altitude
10:40:29: arm_and_takeoff called:
10:40:29: Arming motors
10:40:29:  Waiting for arming...
10:40:30: Taking off starts
10:40:30:  Altitude: 0.002
10:40:31:  Altitude: 0.002
10:40:32:  Altitude: 0.002
10:40:33:  Altitude: 0.108
10:40:34:  Altitude: 1.249
10:40:35:  Altitude: 3.307
10:40:36:  Altitude: 5.867
10:40:37:  Altitude: 8.159
10:40:38:  Altitude: 9.905
10:40:39:  Altitude: 11.108
10:40:40:  Altitude: 11.752
10:40:40: Reached target altitude
