12:22:39: arm_and_takeoff called:
12:22:39: Arming motors
12:22:39:  Waiting for arming...
12:22:40: Taking off starts
12:22:40:  Altitude: 0.003
12:22:41:  Altitude: 0.003
12:22:42:  Altitude: 0.003
12:22:43:  Altitude: 0.146
12:22:44:  Altitude: 1.387
12:22:45:  Altitude: 3.536
12:22:46:  Altitude: 5.947
12:22:47:  Altitude: 7.756
12:22:48:  Altitude: 8.801
12:22:49:  Altitude: 9.624
12:22:49: Reached target altitude
12:22:52: arm_and_takeoff called:
12:22:52: Arming motors
12:22:52:  Waiting for arming...
12:22:53: Taking off starts
12:22:53:  Altitude: 0.004
12:22:54:  Altitude: 0.003
12:22:55:  Altitude: 0.003
12:22:56:  Altitude: 0.062
12:22:57:  Altitude: 1.018
12:22:58:  Altitude: 2.925
12:22:59:  Altitude: 5.47
12:23:00:  Altitude: 7.65
12:23:01:  Altitude: 9.254
12:23:02:  Altitude: 10.322
12:23:02: Reached target altitude
12:23:15: arm_and_takeoff called:
12:23:15: Arming motors
12:23:15:  Waiting for arming...
12:23:16: Taking off starts
12:23:16:  Altitude: 0.002
12:23:17:  Altitude: 0.002
12:23:18:  Altitude: 0.002
12:23:19:  Altitude: 0.113
12:23:20:  Altitude: 1.272
12:23:21:  Altitude: 3.344
12:23:22:  Altitude: 5.894
12:23:23:  Altitude: 8.186
12:23:24:  Altitude: 9.929
12:23:25:  Altitude: 11.128
12:23:26:  Altitude: 11.765
12:23:26: Reached target altitude
