15:25:52: arm_and_takeoff called:
15:25:52: Arming motors
15:25:52:  Waiting for arming...
15:25:53: Taking off starts
15:25:53:  Altitude: 0.003
15:25:54:  Altitude: 0.003
15:25:55:  Altitude: 0.003
15:25:56:  Altitude: 0.148
15:25:57:  Altitude: 1.388
15:25:58:  Altitude: 3.54
15:25:59:  Altitude: 5.939
15:26:00:  Altitude: 7.753
15:26:01:  Altitude: 9.013
15:26:02:  Altitude: 9.717
15:26:02: Reached target altitude
15:26:17: arm_and_takeoff called:
15:26:17: Arming motors
15:26:17:  Waiting for arming...
15:26:18: Taking off starts
15:26:18:  Altitude: 0.003
15:26:19:  Altitude: 0.002
15:26:20:  Altitude: 0.002
15:26:21:  Altitude: 0.043
15:26:22:  Altitude: 0.748
15:26:23:  Altitude: 1.073
15:26:23: Reached target altitude
