17:52:41: arm_and_takeoff called:
17:52:41: Arming motors
17:52:41:  Waiting for arming...
17:52:42: Taking off starts
17:52:42:  Altitude: 0.004
17:52:43:  Altitude: 0.004
17:52:44:  Altitude: 0.004
17:52:45:  Altitude: 0.12
17:52:46:  Altitude: 1.296
17:52:47:  Altitude: 3.392
17:52:48:  Altitude: 5.816
17:52:49:  Altitude: 7.666
17:52:50:  Altitude: 8.959
17:52:51:  Altitude: 9.698
17:52:51: Reached target altitude
17:52:53: arm_and_takeoff called:
17:52:53: Arming motors
17:52:53:  Waiting for arming...
17:52:54:  Waiting for arming...
17:52:55:  Waiting for arming...
17:52:56:  Waiting for arming...
17:52:57:  Waiting for arming...
17:52:58:  Waiting for arming...
17:52:59:  Waiting for arming...
17:53:00:  Waiting for arming...
17:53:01:  Waiting for arming...
17:53:02:  Waiting for arming...
17:53:03:  Waiting for arming...
17:53:04:  Waiting for arming...
17:53:05:  Waiting for arming...
17:53:06:  Waiting for arming...
17:53:07:  Waiting for arming...
17:53:08:  Waiting for arming...
17:53:09:  Waiting for arming...
17:53:10:  Waiting for arming...
17:53:11:  Waiting for arming...
17:53:12:  Waiting for arming...
17:53:13:  Waiting for arming...
17:53:14:  Waiting for arming...
17:53:15:  Waiting for arming...
17:53:16:  Waiting for arming...
17:53:17: arm_and_takeoff called:
17:53:17: Arming motors
17:53:17:  Waiting for arming...
17:53:17:  Waiting for arming...
17:53:18:  Waiting for arming...
17:53:18:  Waiting for arming...
17:53:19:  Waiting for arming...
17:53:19:  Waiting for arming...
17:53:20:  Waiting for arming...
17:53:20:  Waiting for arming...
17:53:21:  Waiting for arming...
17:53:21:  Waiting for arming...
17:53:22:  Waiting for arming...
17:53:22:  Waiting for arming...
17:53:23:  Waiting for arming...
17:53:23:  Waiting for arming...
17:53:24:  Waiting for arming...
17:53:24:  Waiting for arming...
17:53:25:  Waiting for arming...
17:53:25:  Waiting for arming...
17:53:26:  Waiting for arming...
17:53:26:  Waiting for arming...
17:53:27:  Waiting for arming...
17:53:27:  Waiting for arming...
17:53:28:  Waiting for arming...
17:53:28:  Waiting for arming...
17:53:29:  Waiting for arming...
17:53:29:  Waiting for arming...
17:53:30:  Waiting for arming...
17:53:30:  Waiting for arming...
17:53:31:  Waiting for arming...
17:53:31:  Waiting for arming...
17:53:32:  Waiting for arming...
17:53:32:  Waiting for arming...
17:53:33:  Waiting for arming...
17:53:33:  Waiting for arming...
17:53:34:  Waiting for arming...
17:53:34:  Waiting for arming...
17:53:35:  Waiting for arming...
17:53:35:  Waiting for arming...
17:53:36:  Waiting for arming...
17:53:36:  Waiting for arming...
17:53:37:  Waiting for arming...
17:53:37:  Waiting for arming...
17:53:38:  Waiting for arming...
17:53:38:  Waiting for arming...
17:53:39:  Waiting for arming...
17:53:39:  Waiting for arming...
17:53:40:  Waiting for arming...
17:53:40:  Waiting for arming...
17:53:41:  Waiting for arming...
17:53:41:  Waiting for arming...
17:53:42:  Waiting for arming...
17:53:42:  Waiting for arming...
17:53:43:  Waiting for arming...
17:53:43:  Waiting for arming...
17:53:44:  Waiting for arming...
17:53:44:  Waiting for arming...
17:53:45:  Waiting for arming...
17:53:45:  Waiting for arming...
17:53:46:  Waiting for arming...
17:53:46:  Waiting for arming...
17:53:47:  Waiting for arming...
17:53:47:  Waiting for arming...
17:53:48:  Waiting for arming...
17:53:48:  Waiting for arming...
17:53:49:  Waiting for arming...
17:53:49:  Waiting for arming...
17:53:50:  Waiting for arming...
17:53:50:  Waiting for arming...
17:53:51:  Waiting for arming...
17:53:51:  Waiting for arming...
17:53:52:  Waiting for arming...
17:53:52:  Waiting for arming...
17:53:53:  Waiting for arming...
17:53:53:  Waiting for arming...
17:53:54:  Waiting for arming...
17:53:54:  Waiting for arming...
17:53:55:  Waiting for arming...
17:53:55:  Waiting for arming...
17:53:56:  Waiting for arming...
17:53:56:  Waiting for arming...
17:53:57:  Waiting for arming...
17:53:57:  Waiting for arming...
17:53:58:  Waiting for arming...
17:53:58:  Waiting for arming...
17:53:59:  Waiting for arming...
17:54:00:  Waiting for arming...
17:54:01:  Waiting for arming...
