12:23:02: arm_and_takeoff called:
12:23:02: Arming motors
12:23:02:  Waiting for arming...
12:23:03: Taking off starts
12:23:03:  Altitude: 0.003
12:23:04:  Altitude: 0.002
12:23:05:  Altitude: 0.002
12:23:06:  Altitude: 0.089
12:23:07:  Altitude: 1.16
12:23:08:  Altitude: 3.173
12:23:09:  Altitude: 5.631
12:23:10:  Altitude: 7.527
12:23:11:  Altitude: 8.86
12:23:12:  Altitude: 9.649
12:23:12: Reached target altitude
12:23:14: arm_and_takeoff called:
12:23:14: Arming motors
12:23:14:  Waiting for arming...
12:23:15: Taking off starts
12:23:15:  Altitude: 0.003
12:23:16:  Altitude: 0.003
12:23:17:  Altitude: 0.003
12:23:18:  Altitude: 0.04
12:23:19:  Altitude: 0.889
12:23:20:  Altitude: 2.697
12:23:21:  Altitude: 5.223
12:23:22:  Altitude: 7.47
12:23:23:  Altitude: 9.13
12:23:24:  Altitude: 10.249
12:23:25:  Altitude: 10.798
12:23:25: Reached target altitude
