22:27:39: arm_and_takeoff called:
22:27:39: Arming motors
22:27:39: Taking off starts
22:27:39:  Altitude: 9.79
22:27:39: Reached target altitude
22:27:41: arm_and_takeoff called:
22:27:41: Arming motors
22:27:41:  Waiting for arming...
22:27:42: Taking off starts
22:27:42:  Altitude: 0.002
22:27:43:  Altitude: 0.002
22:27:44:  Altitude: 0.002
22:27:45:  Altitude: 0.191
22:27:46:  Altitude: 1.48
22:27:47:  Altitude: 3.684
22:27:48:  Altitude: 6.191
22:27:49:  Altitude: 7.842
22:27:50:  Altitude: 8.526
22:27:51:  Altitude: 9.86
22:27:52:  Altitude: 10.65
22:27:52: Reached target altitude
22:28:05: arm_and_takeoff called:
22:28:05: Arming motors
22:28:05:  Waiting for arming...
22:28:06: Taking off starts
22:28:06:  Altitude: 0.003
22:28:07:  Altitude: 0.003
22:28:08:  Altitude: 0.003
22:28:09:  Altitude: 0.005
22:28:10:  Altitude: 0.574
22:28:11:  Altitude: 2.111
22:28:12:  Altitude: 4.539
22:28:13:  Altitude: 8.119
22:28:14:  Altitude: 9.872
22:28:15:  Altitude: 11.091
22:28:16:  Altitude: 11.75
22:28:16: Reached target altitude
