12:14:04: arm_and_takeoff called:
12:14:04: Arming motors
12:14:04:  Waiting for arming...
12:14:05: Taking off starts
12:14:05:  Altitude: 0.005
12:14:06: arm_and_takeoff called:
12:14:06: Arming motors
12:14:06:  Waiting for arming...
12:14:06:  Altitude: 0.005
12:14:07: Taking off starts
12:14:07:  Altitude: 0.004
12:14:07:  Altitude: 0.005
12:14:08:  Altitude: 0.004
12:14:08:  Altitude: 0.064
12:14:09:  Altitude: 0.005
12:14:09:  Altitude: 1.028
12:14:10:  Altitude: 0.066
12:14:10:  Altitude: 2.917
12:14:11:  Altitude: 1.032
12:14:11:  Altitude: 5.462
12:14:12:  Altitude: 2.932
12:14:12:  Altitude: 7.835
12:14:13:  Altitude: 5.484
12:14:13:  Altitude: 9.67
12:14:14:  Altitude: 7.987
12:14:14:  Altitude: 10.963
12:14:15:  Altitude: 10.252
12:14:15:  Altitude: 11.698
12:14:15: Reached target altitude
12:14:16:  Altitude: 11.97
12:14:17:  Altitude: 13.153
12:14:17: Reached target altitude
