20:18:36: arm_and_takeoff called:
20:18:36: Arming motors
20:18:36:  Waiting for arming...
20:18:37: Taking off starts
20:18:37:  Altitude: 0.004
20:18:38:  Altitude: 0.004
20:18:39:  Altitude: 0.004
20:18:40:  Altitude: 0.159
20:18:41:  Altitude: 1.42
20:18:42:  Altitude: 3.585
20:18:43:  Altitude: 5.983
20:18:44:  Altitude: 7.782
20:18:45:  Altitude: 9.033
20:18:46:  Altitude: 9.728
20:18:46: Reached target altitude
20:18:48: arm_and_takeoff called:
20:18:48: Arming motors
20:18:48:  Waiting for arming...
20:18:49: Taking off starts
20:18:49:  Altitude: 0.003
20:18:50:  Altitude: 0.003
20:18:51:  Altitude: 0.003
20:18:52:  Altitude: 0.006
20:18:53:  Altitude: 0.571
20:18:54:  Altitude: 2.125
20:18:55:  Altitude: 4.557
20:18:56:  Altitude: 6.938
20:18:57:  Altitude: 8.733
20:18:58:  Altitude: 10.002
20:18:59:  Altitude: 10.714
20:18:59: Reached target altitude
20:19:12: arm_and_takeoff called:
20:19:12: Arming motors
20:19:12:  Waiting for arming...
20:19:13: Taking off starts
20:19:13:  Altitude: 0.004
20:19:14:  Altitude: 0.004
20:19:15:  Altitude: 0.003
20:19:16:  Altitude: 0.134
20:19:17:  Altitude: 1.333
20:19:18:  Altitude: 3.454
20:19:19:  Altitude: 6.011
20:19:20:  Altitude: 8.285
20:19:21:  Altitude: 10.001
20:19:22:  Altitude: 11.174
20:19:23:  Altitude: 11.782
20:19:23: Reached target altitude
