21:48:19: arm_and_takeoff called:
21:48:19: Arming motors
21:48:19:  Waiting for arming...
21:48:20: Taking off starts
21:48:20:  Altitude: 0.001
21:48:21:  Altitude: 0.001
21:48:22:  Altitude: 0.001
21:48:23:  Altitude: 0.077
21:48:24:  Altitude: 1.108
21:48:25:  Altitude: 3.081
21:48:26:  Altitude: 5.544
21:48:27:  Altitude: 7.454
21:48:28:  Altitude: 8.817
21:48:29:  Altitude: 9.63
21:48:29: Reached target altitude
21:48:31: arm_and_takeoff called:
21:48:31: Arming motors
21:48:31:  Waiting for arming...
21:48:32: Taking off starts
21:48:32:  Altitude: 0.003
21:48:33:  Altitude: 0.003
21:48:34:  Altitude: 0.003
21:48:35:  Altitude: 0.077
21:48:36:  Altitude: 1.084
21:48:37:  Altitude: 3.047
21:48:38:  Altitude: 5.578
21:48:39:  Altitude: 7.739
21:48:40:  Altitude: 9.322
21:48:41:  Altitude: 10.369
21:48:41: Reached target altitude
21:48:55: arm_and_takeoff called:
21:48:55: Arming motors
21:48:55:  Waiting for arming...
21:48:56: Taking off starts
21:48:56:  Altitude: 0.002
21:48:57:  Altitude: 0.002
21:48:58:  Altitude: 0.002
21:48:59:  Altitude: 0.171
21:49:00:  Altitude: 1.441
21:49:01:  Altitude: 3.624
21:49:02:  Altitude: 6.176
21:49:03:  Altitude: 8.418
21:49:04:  Altitude: 10.09
21:49:05:  Altitude: 11.228
21:49:05: Reached target altitude
