14:47:49: arm_and_takeoff called:
14:47:49: Arming motors
14:47:49:  Waiting for arming...
14:47:50: Taking off starts
14:47:50:  Altitude: 0.003
14:47:51:  Altitude: 0.004
14:47:52:  Altitude: 0.004
14:47:53:  Altitude: 0.186
14:47:54:  Altitude: 1.476
14:47:55:  Altitude: 3.164
14:47:56:  Altitude: 5.617
14:47:57:  Altitude: 7.519
14:47:58:  Altitude: 8.86
14:47:59:  Altitude: 9.652
14:47:59: Reached target altitude
14:48:01: arm_and_takeoff called:
14:48:01: Arming motors
14:48:01:  Waiting for arming...
14:48:02: Taking off starts
14:48:02:  Altitude: 0.003
14:48:03:  Altitude: 0.003
14:48:04:  Altitude: 0.003
14:48:05:  Altitude: 0.135
14:48:06:  Altitude: 1.35
14:48:07:  Altitude: 3.482
14:48:08:  Altitude: 6.006
14:48:09:  Altitude: 8.055
14:48:10:  Altitude: 9.543
14:48:11:  Altitude: 10.488
14:48:11: Reached target altitude
14:48:14: arm_and_takeoff called:
14:48:14: Arming motors
14:48:14:  Waiting for arming...
14:48:15: Taking off starts
14:48:15:  Altitude: 0.003
14:48:16:  Altitude: 0.002
14:48:17:  Altitude: 0.002
14:48:18:  Altitude: 0.016
14:48:19:  Altitude: 0.716
14:48:20:  Altitude: 2.369
14:48:21:  Altitude: 4.851
14:48:22:  Altitude: 7.308
14:48:23:  Altitude: 10.061
14:48:24:  Altitude: 11.209
14:48:24: Reached target altitude
