10:54:43: arm_and_takeoff called:
10:54:43: Arming motors
10:54:43:  Waiting for arming...
10:54:44: Taking off starts
10:54:44:  Altitude: 0.004
10:54:45:  Altitude: 0.004
10:54:46:  Altitude: 0.004
10:54:47:  Altitude: 0.068
10:54:48:  Altitude: 1.049
10:54:49:  Altitude: 2.976
10:54:50:  Altitude: 5.453
10:54:51:  Altitude: 7.399
10:54:52:  Altitude: 8.771
10:54:53:  Altitude: 9.608
10:54:53: Reached target altitude
10:54:55: arm_and_takeoff called:
10:54:55: Arming motors
10:54:55:  Waiting for arming...
10:54:56: Taking off starts
10:54:56:  Altitude: 0.004
10:54:57:  Altitude: 0.004
10:54:58:  Altitude: 0.004
10:54:59:  Altitude: 0.078
10:55:00:  Altitude: 1.082
10:55:01:  Altitude: 3.052
10:55:02:  Altitude: 5.592
10:55:03:  Altitude: 7.751
10:55:04:  Altitude: 9.336
10:55:05:  Altitude: 10.376
10:55:05: Reached target altitude
10:55:19: arm_and_takeoff called:
10:55:19: Arming motors
10:55:19:  Waiting for arming...
10:55:20: Taking off starts
10:55:20:  Altitude: 0.002
10:55:21:  Altitude: 0.002
10:55:22:  Altitude: 0.002
10:55:23:  Altitude: 0.049
10:55:24:  Altitude: 0.934
10:55:25:  Altitude: 2.785
10:55:26:  Altitude: 5.326
10:55:27:  Altitude: 8.039
10:55:28:  Altitude: 9.811
10:55:29:  Altitude: 11.051
10:55:30:  Altitude: 11.734
10:55:30: Reached target altitude
