12:30:19: arm_and_takeoff called:
12:30:19: Arming motors
12:30:19: Taking off starts
12:30:19:  Altitude: 9.788
12:30:19: Reached target altitude
12:30:21: arm_and_takeoff called:
12:30:21: Arming motors
12:30:21:  Waiting for arming...
12:30:22: Taking off starts
12:30:22:  Altitude: 0.003
12:30:23:  Altitude: 0.003
12:30:24:  Altitude: 0.003
12:30:25:  Altitude: 0.059
12:30:26:  Altitude: 1.007
12:30:27:  Altitude: 2.908
12:30:28:  Altitude: 5.441
12:30:29:  Altitude: 7.624
12:30:30:  Altitude: 9.24
12:30:31:  Altitude: 10.319
12:30:31: Reached target altitude
12:30:34: arm_and_takeoff called:
12:30:34: Arming motors
12:30:34:  Waiting for arming...
12:30:35: Taking off starts
12:30:35:  Altitude: 0.002
12:30:36:  Altitude: 0.003
12:30:37:  Altitude: 0.003
12:30:38:  Altitude: 0.021
12:30:39:  Altitude: 0.744
12:30:40:  Altitude: 2.429
12:30:41:  Altitude: 4.927
12:30:42:  Altitude: 7.384
12:30:43:  Altitude: 9.338
12:30:44:  Altitude: 10.738
12:30:45:  Altitude: 11.589
12:30:45: Reached target altitude
