11:58:01: arm_and_takeoff called:
11:58:01: Arming motors
11:58:01:  Waiting for arming...
11:58:02: arm_and_takeoff called:
11:58:02: Arming motors
11:58:02:  Waiting for arming...
11:58:02: Taking off starts
11:58:02:  Altitude: 0.007
11:58:03: Taking off starts
11:58:03:  Altitude: 0.003
11:58:03:  Altitude: 0.007
11:58:04:  Altitude: 0.003
11:58:04:  Altitude: 0.007
11:58:05:  Altitude: 0.003
11:58:05:  Altitude: 0.138
11:58:06:  Altitude: 0.076
11:58:06:  Altitude: 1.346
11:58:07:  Altitude: 1.086
11:58:07:  Altitude: 3.478
11:58:08:  Altitude: 3.055
11:58:08:  Altitude: 6.029
11:58:09:  Altitude: 5.6
11:58:09:  Altitude: 8.3
11:58:10:  Altitude: 8.11
11:58:10:  Altitude: 10.005
11:58:11:  Altitude: 10.359
11:58:11:  Altitude: 11.174
11:58:12:  Altitude: 12.054
11:58:12:  Altitude: 11.774
11:58:12: Reached target altitude
11:58:13:  Altitude: 13.204
11:58:13: Reached target altitude
