20:51:19: arm_and_takeoff called:
20:51:19: Arming motors
20:51:19:  Waiting for arming...
20:51:20: Taking off starts
20:51:20:  Altitude: 0.003
20:51:21:  Altitude: 0.003
20:51:22:  Altitude: 0.002
20:51:23:  Altitude: 0.116
20:51:24:  Altitude: 1.287
20:51:25:  Altitude: 3.369
20:51:26:  Altitude: 5.806
20:51:27:  Altitude: 7.65
20:51:28:  Altitude: 8.941
20:51:29:  Altitude: 9.684
20:51:29: Reached target altitude
20:51:32: arm_and_takeoff called:
20:51:32: Arming motors
20:51:32:  Waiting for arming...
20:51:33: Taking off starts
20:51:33:  Altitude: 0.002
20:51:34:  Altitude: 0.002
20:51:35:  Altitude: 0.002
20:51:36:  Altitude: 0.005
20:51:37:  Altitude: 0.57
20:51:38:  Altitude: 2.12
20:51:39:  Altitude: 4.554
20:51:40:  Altitude: 6.936
20:51:41:  Altitude: 8.745
20:51:42:  Altitude: 10.01
20:51:43:  Altitude: 10.72
20:51:43: Reached target altitude
20:51:56: arm_and_takeoff called:
20:51:56: Arming motors
20:51:56:  Waiting for arming...
20:51:57: Taking off starts
20:51:57:  Altitude: 0.003
20:51:58:  Altitude: 0.003
20:51:59:  Altitude: 0.003
20:52:00:  Altitude: 0.106
20:52:01:  Altitude: 1.221
20:52:02:  Altitude: 3.272
20:52:03:  Altitude: 5.827
20:52:04:  Altitude: 8.142
20:52:05:  Altitude: 9.895
20:52:06:  Altitude: 11.105
20:52:07:  Altitude: 11.754
20:52:07: Reached target altitude
