18:12:59: arm_and_takeoff called:
18:12:59: Arming motors
18:12:59:  Waiting for arming...
18:13:00: Taking off starts
18:13:00:  Altitude: 0.003
18:13:01:  Altitude: 0.003
18:13:02:  Altitude: 0.003
18:13:03:  Altitude: 0.134
18:13:04:  Altitude: 1.348
18:13:05:  Altitude: 3.48
18:13:06:  Altitude: 5.886
18:13:07:  Altitude: 7.709
18:13:08:  Altitude: 8.985
18:13:09:  Altitude: 9.709
18:13:09: Reached target altitude
18:13:11: arm_and_takeoff called:
18:13:11: Arming motors
18:13:11:  Waiting for arming...
18:13:12: Taking off starts
18:13:12:  Altitude: 0.004
18:13:13:  Altitude: 0.004
18:13:14:  Altitude: 0.004
18:13:15:  Altitude: 0.06
18:13:16:  Altitude: 1.002
18:13:17:  Altitude: 2.902
18:13:18:  Altitude: 5.441
18:13:19:  Altitude: 7.637
18:13:20:  Altitude: 9.249
18:13:21:  Altitude: 10.322
18:13:21: Reached target altitude
18:13:35: arm_and_takeoff called:
18:13:35: Arming motors
18:13:35:  Waiting for arming...
18:13:36: Taking off starts
18:13:36:  Altitude: 0.003
18:13:37:  Altitude: 0.003
18:13:38:  Altitude: 0.003
18:13:39:  Altitude: 0.145
18:13:40:  Altitude: 1.386
18:13:41:  Altitude: 3.519
18:13:42:  Altitude: 6.074
18:13:43:  Altitude: 8.339
18:13:44:  Altitude: 10.037
18:13:45:  Altitude: 11.191
18:13:46:  Altitude: 11.781
18:13:46: Reached target altitude
