12:02:39: arm_and_takeoff called:
12:02:39: Arming motors
12:02:39:  Waiting for arming...
12:02:40: Taking off starts
12:02:40:  Altitude: 0.001
12:02:41:  Altitude: 0.001
12:02:42:  Altitude: 0.001
12:02:43:  Altitude: 0.126
12:02:44:  Altitude: 1.328
12:02:45:  Altitude: 3.436
12:02:46:  Altitude: 5.857
12:02:47:  Altitude: 7.376
12:02:48:  Altitude: 8.762
12:02:49:  Altitude: 9.606
12:02:49: Reached target altitude
12:02:51: arm_and_takeoff called:
12:02:51: Arming motors
12:02:51:  Waiting for arming...
12:02:52: Taking off starts
12:02:52:  Altitude: 0.003
12:02:53:  Altitude: 0.003
12:02:54:  Altitude: 0.003
12:02:55:  Altitude: 0.024
12:02:56:  Altitude: 0.784
12:02:57:  Altitude: 2.494
12:02:58:  Altitude: 5.0
12:02:59:  Altitude: 7.287
12:03:00:  Altitude: 9.004
12:03:01:  Altitude: 10.176
12:03:02:  Altitude: 10.783
12:03:02: Reached target altitude
12:03:15: arm_and_takeoff called:
12:03:15: Arming motors
12:03:15:  Waiting for arming...
12:03:16: Taking off starts
12:03:16:  Altitude: 0.002
12:03:17:  Altitude: 0.002
12:03:18:  Altitude: 0.002
12:03:19:  Altitude: 0.097
12:03:20:  Altitude: 1.198
12:03:21:  Altitude: 3.224
12:03:22:  Altitude: 5.783
12:03:23:  Altitude: 8.303
12:03:24:  Altitude: 10.009
12:03:25:  Altitude: 11.173
12:03:26:  Altitude: 11.778
12:03:26: Reached target altitude
