14:58:37: arm_and_takeoff called:
14:58:37: Arming motors
14:58:37:  Waiting for arming...
14:58:38: Taking off starts
14:58:38:  Altitude: 0.004
14:58:39:  Altitude: 0.004
14:58:40:  Altitude: 0.004
14:58:41:  Altitude: 0.117
14:58:42:  Altitude: 1.284
14:58:43:  Altitude: 3.371
14:58:44:  Altitude: 5.8
14:58:45:  Altitude: 7.652
14:58:46:  Altitude: 8.949
14:58:47:  Altitude: 9.695
14:58:47: Reached target altitude
14:58:49: arm_and_takeoff called:
14:58:49: Arming motors
14:58:49:  Waiting for arming...
14:58:50: Taking off starts
14:58:50:  Altitude: 0.004
14:58:51:  Altitude: 0.004
14:58:52:  Altitude: 0.004
14:58:53:  Altitude: 0.06
14:58:54:  Altitude: 1.005
14:58:55:  Altitude: 2.886
14:58:56:  Altitude: 5.422
14:58:57:  Altitude: 7.619
14:58:58:  Altitude: 9.233
14:58:59:  Altitude: 10.309
14:58:59: Reached target altitude
14:59:13: arm_and_takeoff called:
14:59:13: Arming motors
14:59:13:  Waiting for arming...
14:59:14: Taking off starts
14:59:14:  Altitude: 0.003
14:59:15:  Altitude: 0.003
14:59:16:  Altitude: 0.003
14:59:17:  Altitude: 0.102
14:59:18:  Altitude: 1.206
14:59:19:  Altitude: 3.249
14:59:20:  Altitude: 5.798
14:59:21:  Altitude: 8.113
14:59:22:  Altitude: 9.875
14:59:23:  Altitude: 11.098
14:59:24:  Altitude: 11.754
14:59:24: Reached target altitude
