15:08:05: arm_and_takeoff called:
15:08:05: Arming motors
15:08:05: Taking off starts
15:08:05:  Altitude: 4.879
15:08:06:  Altitude: 4.878
15:08:38: arm_and_takeoff called:
15:08:38: Arming motors
15:08:38:  Waiting for arming...
15:08:39: Taking off starts
15:08:39:  Altitude: 0.003
15:08:40:  Altitude: 0.002
15:08:41:  Altitude: 0.001
15:08:42:  Altitude: 0.051
15:08:43:  Altitude: 0.958
15:08:44:  Altitude: 2.827
15:08:45:  Altitude: 5.292
15:08:46:  Altitude: 7.284
15:08:47:  Altitude: 8.698
15:08:48:  Altitude: 9.574
15:08:48: Reached target altitude
