21:21:27: arm_and_takeoff called:
21:21:27: Arming motors
21:21:27:  Waiting for arming...
21:21:28: Taking off starts
21:21:28:  Altitude: 0.003
21:21:29:  Altitude: 0.003
21:21:30:  Altitude: 0.003
21:21:31:  Altitude: 0.113
21:21:32:  Altitude: 1.27
21:21:33:  Altitude: 3.337
21:21:34:  Altitude: 5.774
21:21:35:  Altitude: 7.635
21:21:36:  Altitude: 8.928
21:21:37:  Altitude: 9.677
21:21:37: Reached target altitude
21:21:40: arm_and_takeoff called:
21:21:40: Arming motors
21:21:40:  Waiting for arming...
21:21:41: Taking off starts
21:21:41:  Altitude: 0.002
21:21:42:  Altitude: 0.002
21:21:43:  Altitude: 0.002
21:21:44:  Altitude: 0.063
21:21:45:  Altitude: 1.018
21:21:46:  Altitude: 2.936
21:21:47:  Altitude: 5.477
21:21:48:  Altitude: 7.66
21:21:49:  Altitude: 9.269
21:21:50:  Altitude: 10.331
21:21:50: Reached target altitude
21:22:03: arm_and_takeoff called:
21:22:03: Arming motors
21:22:03:  Waiting for arming...
21:22:04: Taking off starts
21:22:04:  Altitude: 0.002
21:22:05:  Altitude: 0.002
21:22:06:  Altitude: 0.002
21:22:07:  Altitude: 0.143
21:22:08:  Altitude: 1.378
21:22:09:  Altitude: 3.506
21:22:10:  Altitude: 6.053
21:22:11:  Altitude: 8.316
21:22:12:  Altitude: 10.025
21:22:13:  Altitude: 11.183
21:22:14:  Altitude: 11.774
21:22:14: Reached target altitude
