17:50:46: arm_and_takeoff called:
17:50:46: Arming motors
17:50:46:  Waiting for arming...
17:50:47: Taking off starts
17:50:47:  Altitude: 0.003
17:50:48:  Altitude: 0.003
17:50:49:  Altitude: 0.003
17:50:50:  Altitude: 0.112
17:50:51:  Altitude: 1.269
17:50:52:  Altitude: 3.336
17:50:53:  Altitude: 5.771
17:50:54:  Altitude: 7.63
17:50:55:  Altitude: 8.934
17:50:56:  Altitude: 9.682
17:50:56: Reached target altitude
17:50:58: arm_and_takeoff called:
17:50:58: Arming motors
17:50:58:  Waiting for arming...
17:50:59: Taking off starts
17:50:59:  Altitude: 0.002
17:51:00:  Altitude: 0.002
17:51:01:  Altitude: 0.003
17:51:02:  Altitude: 0.158
17:51:03:  Altitude: 1.413
17:51:04:  Altitude: 3.583
17:51:05:  Altitude: 6.092
17:51:06:  Altitude: 8.127
17:51:07:  Altitude: 9.593
17:51:08:  Altitude: 10.521
17:51:08: Reached target altitude
17:51:22: arm_and_takeoff called:
17:51:22: Arming motors
17:51:22:  Waiting for arming...
17:51:23: Taking off starts
17:51:23:  Altitude: 0.004
17:51:24:  Altitude: 0.004
17:51:25:  Altitude: 0.004
17:51:26:  Altitude: 0.166
17:51:27:  Altitude: 1.433
17:51:28:  Altitude: 3.596
17:51:29:  Altitude: 6.148
17:51:30:  Altitude: 8.393
17:51:31:  Altitude: 10.079
17:51:32:  Altitude: 11.224
17:51:32: Reached target altitude
