12:12:18: arm_and_takeoff called:
12:12:18: Arming motors
12:12:18:  Waiting for arming...
12:12:19: Taking off starts
12:12:19:  Altitude: 0.004
12:12:20: arm_and_takeoff called:
12:12:20: Arming motors
12:12:20:  Waiting for arming...
12:12:20:  Altitude: 0.004
12:12:21: Taking off starts
12:12:21:  Altitude: 0.006
12:12:21:  Altitude: 0.004
12:12:22:  Altitude: 0.006
12:12:22:  Altitude: 0.121
12:12:23:  Altitude: 0.006
12:12:23:  Altitude: 1.297
12:12:24:  Altitude: 0.131
12:12:24:  Altitude: 3.39
12:12:25:  Altitude: 1.329
12:12:25:  Altitude: 5.941
12:12:26:  Altitude: 3.44
12:12:26:  Altitude: 8.228
12:12:27:  Altitude: 5.997
12:12:27:  Altitude: 9.958
12:12:28:  Altitude: 8.488
12:12:28:  Altitude: 11.15
12:12:29:  Altitude: 10.658
12:12:29:  Altitude: 11.771
12:12:29: Reached target altitude
12:12:30:  Altitude: 12.268
12:12:31:  Altitude: 13.335
12:12:31: Reached target altitude
