18:10:09: arm_and_takeoff called:
18:10:09: Arming motors
18:10:09:  Waiting for arming...
18:10:10: Taking off starts
18:10:10:  Altitude: 0.004
18:10:11:  Altitude: 0.004
18:10:12:  Altitude: 0.004
18:10:13:  Altitude: 0.091
18:10:14:  Altitude: 1.151
18:10:15:  Altitude: 3.164
18:10:16:  Altitude: 5.621
18:10:17:  Altitude: 7.519
18:10:18:  Altitude: 8.853
18:10:19:  Altitude: 9.649
18:10:19: Reached target altitude
18:10:21: arm_and_takeoff called:
18:10:21: Arming motors
18:10:21:  Waiting for arming...
18:10:22: Taking off starts
18:10:22:  Altitude: 0.004
18:10:23:  Altitude: 0.004
18:10:24:  Altitude: 0.004
18:10:25:  Altitude: 0.037
18:10:26:  Altitude: 0.851
18:10:27:  Altitude: 2.648
18:10:28:  Altitude: 5.164
18:10:29:  Altitude: 7.423
18:10:30:  Altitude: 9.1
18:10:31:  Altitude: 10.233
18:10:32:  Altitude: 10.799
18:10:32: Reached target altitude
18:10:45: arm_and_takeoff called:
18:10:45: Arming motors
18:10:45:  Waiting for arming...
18:10:46: Taking off starts
18:10:46:  Altitude: 0.003
18:10:47:  Altitude: 0.003
18:10:48:  Altitude: 0.003
18:10:49:  Altitude: 0.143
18:10:50:  Altitude: 1.38
18:10:51:  Altitude: 3.512
18:10:52:  Altitude: 6.067
18:10:53:  Altitude: 8.332
18:10:54:  Altitude: 10.033
18:10:55:  Altitude: 11.191
18:10:56:  Altitude: 11.782
18:10:56: Reached target altitude
