14:06:44: arm_and_takeoff called:
14:06:44: Waiting for self to initialise...
14:06:45: Waiting for self to initialise...
14:06:46: Waiting for self to initialise...
14:06:47: Waiting for self to initialise...
14:06:48: Waiting for self to initialise...
14:06:49: Waiting for self to initialise...
14:06:50: Waiting for self to initialise...
14:06:51: Waiting for self to initialise...
14:06:52: Waiting for self to initialise...
14:06:53: Waiting for self to initialise...
14:06:54: Waiting for self to initialise...
14:06:55: Waiting for self to initialise...
14:06:56: Waiting for self to initialise...
14:06:57: Waiting for self to initialise...
14:06:58: Waiting for self to initialise...
14:06:59: Waiting for self to initialise...
14:07:00: Waiting for self to initialise...
14:07:01: Waiting for self to initialise...
14:07:02: Waiting for self to initialise...
14:07:03: Waiting for self to initialise...
14:07:04: Waiting for self to initialise...
14:07:05: Waiting for self to initialise...
14:07:06: Arming motors
14:07:06:  Waiting for arming...
14:07:07: Taking off starts
14:07:07:  Altitude: 0.003
14:07:08:  Altitude: 0.003
14:07:09:  Altitude: 0.003
14:07:10:  Altitude: 0.086
14:07:11:  Altitude: 1.114
14:07:12:  Altitude: 3.118
14:07:13:  Altitude: 5.666
14:07:14:  Altitude: 8.178
14:07:15:  Altitude: 10.656
14:07:16:  Altitude: 13.134
14:07:17:  Altitude: 15.27
14:07:18:  Altitude: 16.856
14:07:19:  Altitude: 17.889
14:07:19: Reached target altitude
