12:07:24: parse_connect called:
12:07:25: arm_and_takeoff called:
12:07:25: Waiting for self to initialise...
12:07:26: Waiting for self to initialise...
12:07:27: Waiting for self to initialise...
12:07:28: Waiting for self to initialise...
12:07:29: Waiting for self to initialise...
12:07:30: Waiting for self to initialise...
12:07:31: Waiting for self to initialise...
12:07:32: Waiting for self to initialise...
12:07:33: Waiting for self to initialise...
12:07:34: Waiting for self to initialise...
12:07:35: Waiting for self to initialise...
12:07:36: Waiting for self to initialise...
12:07:37: Waiting for self to initialise...
12:07:38: Waiting for self to initialise...
12:07:39: Waiting for self to initialise...
12:07:40: Waiting for self to initialise...
12:07:41: Waiting for self to initialise...
12:07:42: Waiting for self to initialise...
12:07:43: Waiting for self to initialise...
12:07:44: Arming motors
12:07:44:  Waiting for arming...
12:07:45: Taking off starts
12:07:45:  Altitude: 0.003
12:07:46:  Altitude: 0.003
12:07:47:  Altitude: 0.003
12:07:48:  Altitude: 0.127
12:07:49:  Altitude: 1.209
12:07:50:  Altitude: 1.955
12:07:50: Reached target altitude
