16:57:16: parse_connect called:
16:57:16: arm_and_takeoff called:
16:57:16: Waiting for self to initialise...
16:57:17: Waiting for self to initialise...
16:57:18: Waiting for self to initialise...
16:57:19: Waiting for self to initialise...
16:57:20: Waiting for self to initialise...
16:57:21: Waiting for self to initialise...
16:57:22: Waiting for self to initialise...
16:57:23: Waiting for self to initialise...
16:57:24: Waiting for self to initialise...
16:57:25: Waiting for self to initialise...
16:57:26: Waiting for self to initialise...
16:57:27: Waiting for self to initialise...
16:57:28: Waiting for self to initialise...
16:57:29: Waiting for self to initialise...
16:57:30: Waiting for self to initialise...
16:57:31: Waiting for self to initialise...
16:57:32: Waiting for self to initialise...
16:57:33: Waiting for self to initialise...
16:57:34: Arming motors
16:57:34:  Waiting for arming...
16:57:35: Taking off starts
16:57:35:  Altitude: 0.003
16:57:36:  Altitude: 0.003
16:57:37:  Altitude: 0.003
16:57:38:  Altitude: 0.067
16:57:39:  Altitude: 1.005
16:57:40:  Altitude: 1.874
16:57:41:  Altitude: 2.059
16:57:41: Reached target altitude
