18:07:16: arm_and_takeoff called:
18:07:16: Arming motors
18:07:16:  Waiting for arming...
18:07:17: Taking off starts
18:07:17:  Altitude: 0.002
18:07:18:  Altitude: 0.002
18:07:19:  Altitude: 0.002
18:07:20:  Altitude: 0.136
18:07:21:  Altitude: 1.358
18:07:22:  Altitude: 3.487
18:07:23:  Altitude: 5.895
18:07:24:  Altitude: 7.723
18:07:25:  Altitude: 8.996
18:07:26:  Altitude: 9.713
18:07:26: Reached target altitude
18:07:28: arm_and_takeoff called:
18:07:28: Arming motors
18:07:28:  Waiting for arming...
18:07:29: Taking off starts
18:07:29:  Altitude: 0.003
18:07:30:  Altitude: 0.003
18:07:31:  Altitude: 0.003
18:07:32:  Altitude: 0.056
18:07:33:  Altitude: 0.983
18:07:34:  Altitude: 2.859
18:07:35:  Altitude: 5.378
18:07:36:  Altitude: 7.587
18:07:37:  Altitude: 9.214
18:07:38:  Altitude: 10.301
18:07:38: Reached target altitude
18:07:52: arm_and_takeoff called:
18:07:52: Arming motors
18:07:52:  Waiting for arming...
18:07:53: Taking off starts
18:07:53:  Altitude: 0.003
18:07:54:  Altitude: 0.003
18:07:55:  Altitude: 0.003
18:07:56:  Altitude: 0.15
18:07:57:  Altitude: 1.401
18:07:58:  Altitude: 3.534
18:07:59:  Altitude: 6.089
18:08:00:  Altitude: 8.348
18:08:01:  Altitude: 10.048
18:08:02:  Altitude: 11.205
18:08:03:  Altitude: 11.79
18:08:03: Reached target altitude
