14:51:12: arm_and_takeoff called:
14:51:12: Arming motors
14:51:12:  Waiting for arming...
14:51:13: Taking off starts
14:51:13:  Altitude: 0.002
14:51:14:  Altitude: 0.002
14:51:15: arm_and_takeoff called:
14:51:15: Arming motors
14:51:15:  Waiting for arming...
14:51:15:  Altitude: 0.002
14:51:16: Taking off starts
14:51:16:  Altitude: 0.004
14:51:16:  Altitude: 0.078
14:51:17:  Altitude: 0.004
14:51:17:  Altitude: 1.108
14:51:18:  Altitude: 0.005
14:51:18:  Altitude: 3.088
14:51:19:  Altitude: 0.114
14:51:19:  Altitude: 5.638
14:51:20:  Altitude: 1.269
14:51:20:  Altitude: 7.973
14:51:21:  Altitude: 3.34
14:51:21:  Altitude: 9.775
14:51:22:  Altitude: 5.895
14:51:22:  Altitude: 11.029
14:51:23:  Altitude: 8.389
14:51:23:  Altitude: 11.728
14:51:23: Reached target altitude
14:51:24:  Altitude: 10.572
14:51:25:  Altitude: 12.201
14:51:26:  Altitude: 13.293
14:51:26: Reached target altitude
