12:17:07: arm_and_takeoff called:
12:17:07: Arming motors
12:17:07:  Waiting for arming...
12:17:08: Taking off starts
12:17:08:  Altitude: 0.002
12:17:09:  Altitude: 0.002
12:17:10:  Altitude: 0.002
12:17:11:  Altitude: 0.111
12:17:12:  Altitude: 1.271
12:17:13:  Altitude: 3.343
12:17:14:  Altitude: 5.784
12:17:15:  Altitude: 7.636
12:17:16:  Altitude: 8.936
12:17:17:  Altitude: 9.684
12:17:17: Reached target altitude
12:17:20: arm_and_takeoff called:
12:17:20: Arming motors
12:17:20:  Waiting for arming...
12:17:21: Taking off starts
12:17:21:  Altitude: 0.003
12:17:22:  Altitude: 0.003
12:17:23:  Altitude: 0.003
12:17:24:  Altitude: 0.025
12:17:25:  Altitude: 0.793
12:17:26:  Altitude: 2.519
12:17:27:  Altitude: 5.025
12:17:28:  Altitude: 7.304
12:17:29:  Altitude: 9.004
12:17:30:  Altitude: 10.174
12:17:31:  Altitude: 10.779
12:17:31: Reached target altitude
12:17:43: arm_and_takeoff called:
12:17:43: Arming motors
12:17:43:  Waiting for arming...
12:17:44: Taking off starts
12:17:44:  Altitude: 0.003
12:17:45:  Altitude: 0.003
12:17:46:  Altitude: 0.003
12:17:47:  Altitude: 0.158
12:17:48:  Altitude: 1.42
12:17:49:  Altitude: 3.568
12:17:50:  Altitude: 6.121
12:17:51:  Altitude: 8.372
12:17:52:  Altitude: 10.063
12:17:53:  Altitude: 11.214
12:17:53: Reached target altitude
