12:15:47: arm_and_takeoff called:
12:15:47: Arming motors
12:15:47:  Waiting for arming...
12:15:48: Taking off starts
12:15:48:  Altitude: 0.007
12:15:49:  Altitude: 0.007
12:15:50: arm_and_takeoff called:
12:15:50: Arming motors
12:15:50:  Waiting for arming...
12:15:50:  Altitude: 0.008
12:15:51: Taking off starts
12:15:51:  Altitude: 0.003
12:15:51:  Altitude: 0.144
12:15:52:  Altitude: 0.003
12:15:52:  Altitude: 1.367
12:15:53:  Altitude: 0.003
12:15:53:  Altitude: 3.493
12:15:54:  Altitude: 0.086
12:15:54:  Altitude: 6.038
12:15:55:  Altitude: 1.13
12:15:55:  Altitude: 8.309
12:15:56:  Altitude: 3.13
12:15:56:  Altitude: 10.018
12:15:57:  Altitude: 5.68
12:15:57:  Altitude: 11.185
12:15:58:  Altitude: 8.183
12:15:58:  Altitude: 11.781
12:15:58: Reached target altitude
12:15:59:  Altitude: 10.415
12:16:00:  Altitude: 12.096
12:16:01:  Altitude: 13.233
12:16:01: Reached target altitude
