17:49:55: arm_and_takeoff called:
17:49:55: Arming motors
17:49:55:  Waiting for arming...
17:49:56: Taking off starts
17:49:56:  Altitude: 0.003
17:49:57:  Altitude: 0.003
17:49:58:  Altitude: 0.003
17:49:59:  Altitude: 0.082
17:50:00:  Altitude: 1.11
17:50:01:  Altitude: 3.1
17:50:02:  Altitude: 5.566
17:50:03:  Altitude: 7.477
17:50:04:  Altitude: 8.821
17:50:05:  Altitude: 9.628
17:50:05: Reached target altitude
17:50:08: arm_and_takeoff called:
17:50:08: Arming motors
17:50:08:  Waiting for arming...
17:50:09:  Waiting for arming...
17:50:10:  Waiting for arming...
17:50:11:  Waiting for arming...
17:50:12:  Waiting for arming...
17:50:13:  Waiting for arming...
17:50:14:  Waiting for arming...
17:50:15:  Waiting for arming...
17:50:16:  Waiting for arming...
17:50:17:  Waiting for arming...
17:50:18:  Waiting for arming...
17:50:19:  Waiting for arming...
17:50:20:  Waiting for arming...
17:50:21:  Waiting for arming...
17:50:22:  Waiting for arming...
17:50:23:  Waiting for arming...
17:50:24:  Waiting for arming...
17:50:25:  Waiting for arming...
17:50:26:  Waiting for arming...
17:50:27:  Waiting for arming...
17:50:28:  Waiting for arming...
17:50:29:  Waiting for arming...
17:50:30:  Waiting for arming...
17:50:31:  Waiting for arming...
17:50:32: arm_and_takeoff called:
17:50:32: Arming motors
17:50:32:  Waiting for arming...
17:50:32:  Waiting for arming...
17:50:33:  Waiting for arming...
17:50:33:  Waiting for arming...
17:50:34:  Waiting for arming...
17:50:34:  Waiting for arming...
17:50:35:  Waiting for arming...
17:50:35:  Waiting for arming...
17:50:36:  Waiting for arming...
17:50:36:  Waiting for arming...
17:50:37:  Waiting for arming...
17:50:37:  Waiting for arming...
17:50:38:  Waiting for arming...
17:50:38:  Waiting for arming...
17:50:39:  Waiting for arming...
17:50:39:  Waiting for arming...
17:50:40:  Waiting for arming...
17:50:40:  Waiting for arming...
17:50:41:  Waiting for arming...
17:50:41:  Waiting for arming...
17:50:42:  Waiting for arming...
