22:10:11: arm_and_takeoff called:
22:10:11: Arming motors
22:10:11:  Waiting for arming...
22:10:12: Taking off starts
22:10:12:  Altitude: 0.003
22:10:13:  Altitude: 0.002
22:10:14:  Altitude: 0.002
22:10:15:  Altitude: 0.142
22:10:16:  Altitude: 1.381
22:10:17:  Altitude: 3.521
22:10:18:  Altitude: 5.929
22:10:19:  Altitude: 7.744
22:10:20:  Altitude: 8.57
22:10:21:  Altitude: 9.625
22:10:21: Reached target altitude
22:10:23: arm_and_takeoff called:
22:10:23: Arming motors
22:10:23:  Waiting for arming...
22:10:24: Taking off starts
22:10:24:  Altitude: 0.002
22:10:25:  Altitude: 0.002
22:10:26:  Altitude: 0.002
22:10:27:  Altitude: 0.002
22:10:28:  Altitude: 0.413
22:10:29:  Altitude: 1.828
22:10:30:  Altitude: 4.156
22:10:31:  Altitude: 6.598
22:10:32:  Altitude: 8.498
22:10:33:  Altitude: 9.848
22:10:34:  Altitude: 10.647
22:10:34: Reached target altitude
22:10:47: arm_and_takeoff called:
22:10:47: Arming motors
22:10:47:  Waiting for arming...
22:10:48: Taking off starts
22:10:48:  Altitude: 0.004
22:10:49:  Altitude: 0.004
22:10:50:  Altitude: 0.005
22:10:51:  Altitude: 0.099
22:10:52:  Altitude: 1.18
22:10:53:  Altitude: 3.211
22:10:54:  Altitude: 5.766
22:10:55:  Altitude: 8.089
22:10:56:  Altitude: 9.859
22:10:57:  Altitude: 11.085
22:10:58:  Altitude: 11.75
22:10:58: Reached target altitude
