11:59:40: arm_and_takeoff called:
11:59:40: Arming motors
11:59:40:  Waiting for arming...
11:59:41: Taking off starts
11:59:41:  Altitude: 0.002
11:59:42:  Altitude: 0.002
11:59:43:  Altitude: 0.002
11:59:44:  Altitude: 0.092
11:59:45:  Altitude: 1.157
11:59:46:  Altitude: 3.191
11:59:47:  Altitude: 5.192
11:59:48:  Altitude: 7.211
11:59:49:  Altitude: 8.651
11:59:50:  Altitude: 9.546
11:59:50: Reached target altitude
11:59:52: arm_and_takeoff called:
11:59:52: Arming motors
11:59:52:  Waiting for arming...
11:59:53: Taking off starts
11:59:53:  Altitude: 0.002
11:59:54:  Altitude: 0.002
11:59:55:  Altitude: 0.002
11:59:56:  Altitude: 0.02
11:59:57:  Altitude: 0.755
11:59:58:  Altitude: 2.431
11:59:59:  Altitude: 4.93
12:00:00:  Altitude: 7.238
12:00:01:  Altitude: 8.965
12:00:02:  Altitude: 10.141
12:00:03:  Altitude: 10.762
12:00:03: Reached target altitude
12:00:16: arm_and_takeoff called:
12:00:16: Arming motors
12:00:16:  Waiting for arming...
12:00:17: Taking off starts
12:00:17:  Altitude: 0.002
12:00:18:  Altitude: 0.002
12:00:19:  Altitude: 0.003
12:00:20:  Altitude: 0.206
12:00:21:  Altitude: 1.504
12:00:22:  Altitude: 3.721
12:00:23:  Altitude: 6.269
12:00:24:  Altitude: 8.479
12:00:25:  Altitude: 10.141
12:00:26:  Altitude: 11.256
12:00:26: Reached target altitude
