22:33:33: arm_and_takeoff called:
22:33:33: Arming motors
22:33:33:  Waiting for arming...
22:33:34: Taking off starts
22:33:34:  Altitude: 0.002
22:33:35:  Altitude: 0.002
22:33:36:  Altitude: 0.002
22:33:37:  Altitude: 0.114
22:33:38:  Altitude: 1.274
22:33:39:  Altitude: 3.357
22:33:40:  Altitude: 5.782
22:33:41:  Altitude: 7.641
22:33:42:  Altitude: 8.94
22:33:43:  Altitude: 9.687
22:33:43: Reached target altitude
22:33:45: arm_and_takeoff called:
22:33:45: Arming motors
22:33:45:  Waiting for arming...
22:33:46: Taking off starts
22:33:46:  Altitude: 0.003
22:33:47:  Altitude: 0.003
22:33:48:  Altitude: 0.003
22:33:49:  Altitude: 0.016
22:33:50:  Altitude: 0.72
22:33:51:  Altitude: 2.365
22:33:52:  Altitude: 4.84
22:33:53:  Altitude: 7.164
22:33:54:  Altitude: 8.913
22:33:55:  Altitude: 10.118
22:33:56:  Altitude: 10.762
22:33:56: Reached target altitude
22:34:09: arm_and_takeoff called:
22:34:09: Arming motors
22:34:09:  Waiting for arming...
22:34:10: Taking off starts
22:34:10:  Altitude: 0.004
22:34:11:  Altitude: 0.004
22:34:12:  Altitude: 0.004
22:34:13:  Altitude: 0.165
22:34:14:  Altitude: 1.431
22:34:15:  Altitude: 3.596
22:34:16:  Altitude: 6.147
22:34:17:  Altitude: 8.394
22:34:18:  Altitude: 10.079
22:34:19:  Altitude: 11.222
22:34:19: Reached target altitude
