17:18:36: arm_and_takeoff called:
17:18:36: Arming motors
17:18:36:  Waiting for arming...
17:18:37: Taking off starts
17:18:37:  Altitude: 0.002
17:18:38:  Altitude: 0.002
17:18:39:  Altitude: 0.002
17:18:40:  Altitude: 0.111
17:18:41:  Altitude: 1.262
17:18:42:  Altitude: 3.336
17:18:43:  Altitude: 5.775
17:18:44:  Altitude: 7.632
17:18:45:  Altitude: 8.935
17:18:46:  Altitude: 9.684
17:18:46: Reached target altitude
17:18:48: arm_and_takeoff called:
17:18:48: Arming motors
17:18:48:  Waiting for arming...
17:18:49: Taking off starts
17:18:49:  Altitude: 0.003
17:18:50:  Altitude: 0.003
17:18:51:  Altitude: 0.003
17:18:52:  Altitude: 0.135
17:18:53:  Altitude: 1.355
17:18:54:  Altitude: 3.474
17:18:55:  Altitude: 5.992
17:18:56:  Altitude: 8.05
17:18:57:  Altitude: 9.541
17:18:58:  Altitude: 10.491
17:18:58: Reached target altitude
17:19:12: arm_and_takeoff called:
17:19:12: Arming motors
17:19:12:  Waiting for arming...
17:19:13: Taking off starts
17:19:13:  Altitude: 0.003
17:19:14:  Altitude: 0.003
17:19:15:  Altitude: 0.004
17:19:16:  Altitude: 0.09
17:19:17:  Altitude: 1.157
17:19:18:  Altitude: 3.171
17:19:19:  Altitude: 5.725
17:19:20:  Altitude: 8.054
17:19:21:  Altitude: 9.832
17:19:22:  Altitude: 11.067
17:19:23:  Altitude: 11.743
17:19:23: Reached target altitude
