15:45:33: arm_and_takeoff called:
15:45:33: Arming motors
15:45:33: Taking off starts
15:45:33:  Altitude: 9.79
15:45:33: Reached target altitude
15:45:35: arm_and_takeoff called:
15:45:35: Arming motors
15:45:35:  Waiting for arming...
15:45:36: Taking off starts
15:45:36:  Altitude: 0.002
15:45:37:  Altitude: 0.002
15:45:38:  Altitude: 0.002
15:45:39:  Altitude: 0.217
15:45:40:  Altitude: 1.533
15:45:41:  Altitude: 3.743
15:45:42:  Altitude: 6.237
15:45:43:  Altitude: 7.503
15:45:44:  Altitude: 8.872
15:45:45:  Altitude: 10.09
15:45:46:  Altitude: 10.748
15:45:46: Reached target altitude
15:45:48: arm_and_takeoff called:
15:45:48: Arming motors
15:45:48:  Waiting for arming...
15:45:49: Taking off starts
15:45:49:  Altitude: 0.003
15:45:50:  Altitude: 0.003
15:45:51:  Altitude: 0.002
15:45:52:  Altitude: 0.2
15:45:53:  Altitude: 1.496
15:45:54:  Altitude: 3.708
15:45:55:  Altitude: 6.264
15:45:56:  Altitude: 8.473
15:45:57:  Altitude: 10.131
15:45:58:  Altitude: 11.247
15:45:58: Reached target altitude
