12:47:42: arm_and_takeoff called:
12:47:42: Arming motors
12:47:42:  Waiting for arming...
12:47:43: Taking off starts
12:47:43:  Altitude: 0.004
12:47:44:  Altitude: 0.004
12:47:45:  Altitude: 0.004
12:47:46:  Altitude: 0.074
12:47:47:  Altitude: 1.074
12:47:48:  Altitude: 3.025
12:47:49:  Altitude: 5.494
12:47:50:  Altitude: 7.431
12:47:51:  Altitude: 8.795
12:47:52:  Altitude: 9.619
12:47:52: Reached target altitude
12:47:55: arm_and_takeoff called:
12:47:55: Arming motors
12:47:55:  Waiting for arming...
12:47:56: Taking off starts
12:47:56:  Altitude: 0.003
12:47:57:  Altitude: 0.003
12:47:58:  Altitude: 0.003
12:47:59:  Altitude: 0.031
12:48:00:  Altitude: 0.824
12:48:01:  Altitude: 2.593
12:48:02:  Altitude: 5.109
12:48:03:  Altitude: 7.38
12:48:04:  Altitude: 9.059
12:48:05:  Altitude: 10.205
12:48:06:  Altitude: 10.787
12:48:06: Reached target altitude
12:48:18: arm_and_takeoff called:
12:48:18: Arming motors
12:48:18:  Waiting for arming...
12:48:19: Taking off starts
12:48:19:  Altitude: 0.002
12:48:20:  Altitude: 0.002
12:48:21:  Altitude: 0.002
12:48:22:  Altitude: 0.143
12:48:23:  Altitude: 1.382
12:48:24:  Altitude: 3.517
12:48:25:  Altitude: 6.08
12:48:26:  Altitude: 8.339
12:48:28:  Altitude: 10.033
12:48:29:  Altitude: 11.188
12:48:30:  Altitude: 11.784
12:48:30: Reached target altitude
