02:20:14: arm_and_takeoff called:
02:20:14: Arming motors
02:20:14: Taking off starts
02:20:14:  Altitude: 0.386
02:20:15:  Altitude: 0.362
02:20:16:  Altitude: 0.347
02:20:17:  Altitude: 0.335
02:20:18:  Altitude: 0.324
02:20:19:  Altitude: 0.316
02:20:20:  Altitude: 0.309
02:20:21:  Altitude: 0.304
02:20:22:  Altitude: 0.3
02:20:23:  Altitude: 0.297
02:20:24:  Altitude: 0.294
02:20:25:  Altitude: 0.292
02:20:28: arm_and_takeoff called:
02:20:28: Arming motors
02:20:28:  Waiting for arming...
02:20:29: Taking off starts
02:20:29:  Altitude: 0.0
02:20:30:  Altitude: 0.0
02:20:31:  Altitude: 0.0
02:20:32:  Altitude: 0.105
02:20:33:  Altitude: 1.248
02:20:34:  Altitude: 3.314
02:20:35:  Altitude: 5.874
02:20:36:  Altitude: 8.363
02:20:37:  Altitude: 10.85
02:20:38:  Altitude: 13.333
02:20:39:  Altitude: 15.437
02:20:40:  Altitude: 16.972
02:20:41:  Altitude: 17.959
02:20:41: Reached target altitude
