11:55:51: arm_and_takeoff called:
11:55:51: Arming motors
11:55:51:  Waiting for arming...
11:55:52: Taking off starts
11:55:52:  Altitude: 0.002
11:55:52: arm_and_takeoff called:
11:55:52: Arming motors
11:55:52:  Waiting for arming...
11:55:53:  Altitude: -0.001
11:55:53: Taking off starts
11:55:53:  Altitude: 0.002
11:55:54:  Altitude: -0.004
11:55:54:  Altitude: 0.002
11:55:55:  Altitude: 0.076
11:55:55:  Altitude: 0.002
11:55:56:  Altitude: 1.121
11:55:56:  Altitude: 0.061
11:55:57:  Altitude: 3.115
11:55:57:  Altitude: 1.024
11:55:58:  Altitude: 5.67
11:55:58:  Altitude: 2.911
11:55:59:  Altitude: 8.004
11:55:59:  Altitude: 5.458
11:56:00:  Altitude: 9.8
11:56:00:  Altitude: 7.964
11:56:01:  Altitude: 11.048
11:56:01:  Altitude: 10.245
11:56:02:  Altitude: 11.737
11:56:02: Reached target altitude
11:56:02:  Altitude: 11.971
11:56:03:  Altitude: 13.156
11:56:03: Reached target altitude
