15:07:34: arm_and_takeoff called:
15:07:34: Arming motors
15:07:34: Taking off starts
15:07:34:  Altitude: 5.091
15:07:35:  Altitude: 4.848
15:07:36:  Altitude: 4.879
15:07:37:  Altitude: 4.879
15:07:38:  Altitude: 4.877
15:07:39:  Altitude: 4.879
15:07:40:  Altitude: 4.879
15:07:41:  Altitude: 4.88
15:07:42:  Altitude: 4.88
15:07:43:  Altitude: 4.881
15:07:44:  Altitude: 4.881
15:07:45:  Altitude: 4.881
15:07:46:  Altitude: 4.881
15:07:47:  Altitude: 4.881
15:07:48:  Altitude: 4.881
15:07:49:  Altitude: 4.88
15:08:50: arm_and_takeoff called:
15:08:50: Arming motors
15:08:50:  Waiting for arming...
15:08:51: Taking off starts
15:08:51:  Altitude: 0.003
15:08:52:  Altitude: 0.003
15:08:53:  Altitude: 0.003
15:08:54:  Altitude: 0.105
15:08:55:  Altitude: 1.217
15:08:56:  Altitude: 3.271
15:08:57:  Altitude: 5.803
15:08:58:  Altitude: 7.901
15:08:59:  Altitude: 9.437
15:09:00:  Altitude: 10.429
15:09:00: Reached target altitude
15:09:03: arm_and_takeoff called:
15:09:03: Arming motors
15:09:03:  Waiting for arming...
15:09:04: Taking off starts
15:09:04:  Altitude: 0.003
15:09:05:  Altitude: 0.003
15:09:06:  Altitude: 0.003
15:09:07:  Altitude: 0.093
15:09:08:  Altitude: 1.179
15:09:09:  Altitude: 3.188
15:09:10:  Altitude: 5.73
15:09:11:  Altitude: 8.055
15:09:12:  Altitude: 9.833
15:09:13:  Altitude: 11.068
15:09:14:  Altitude: 11.741
15:09:14: Reached target altitude
