12:07:27: arm_and_takeoff called:
12:07:27: Arming motors
12:07:27:  Waiting for arming...
12:07:28: Taking off starts
12:07:28:  Altitude: 0.002
12:07:29:  Altitude: 0.002
12:07:30:  Altitude: 0.002
12:07:31:  Altitude: 0.134
12:07:32:  Altitude: 1.344
12:07:33:  Altitude: 3.484
12:07:34:  Altitude: 5.898
12:07:35:  Altitude: 7.722
12:07:36:  Altitude: 8.983
12:07:37:  Altitude: 9.707
12:07:37: Reached target altitude
12:07:39: arm_and_takeoff called:
12:07:39: Arming motors
12:07:39:  Waiting for arming...
12:07:40: Taking off starts
12:07:40:  Altitude: 0.003
12:07:41:  Altitude: 0.003
12:07:42:  Altitude: 0.003
12:07:43:  Altitude: 0.073
12:07:44:  Altitude: 1.06
12:07:45:  Altitude: 3.008
12:07:46:  Altitude: 5.55
12:07:47:  Altitude: 7.714
12:07:48:  Altitude: 9.308
12:07:49:  Altitude: 10.359
12:07:49: Reached target altitude
12:08:03: arm_and_takeoff called:
12:08:03: Arming motors
12:08:03:  Waiting for arming...
12:08:04: Taking off starts
12:08:04:  Altitude: 0.002
12:08:05:  Altitude: 0.003
12:08:06:  Altitude: 0.003
12:08:07:  Altitude: 0.186
12:08:08:  Altitude: 1.48
12:08:09:  Altitude: 3.678
12:08:10:  Altitude: 6.23
12:08:11:  Altitude: 8.447
12:08:12:  Altitude: 10.116
12:08:13:  Altitude: 11.243
12:08:13: Reached target altitude
