02:38:17: arm_and_takeoff called:
02:38:17: Arming motors
02:38:17: Taking off starts
02:38:17:  Altitude: 14.745
02:38:18:  Altitude: 14.745
02:38:19:  Altitude: 14.746
02:38:20:  Altitude: 14.746
02:38:59: arm_and_takeoff called:
02:38:59: Arming motors
02:38:59:  Waiting for arming...
02:39:00: Taking off starts
02:39:00:  Altitude: 0.004
02:39:01:  Altitude: 0.004
02:39:02:  Altitude: 0.004
02:39:03:  Altitude: 0.124
02:39:04:  Altitude: 1.316
02:39:05:  Altitude: 3.421
02:39:06:  Altitude: 5.969
02:39:07:  Altitude: 8.469
02:39:08:  Altitude: 10.97
02:39:09:  Altitude: 13.441
02:39:10:  Altitude: 15.508
02:39:11:  Altitude: 17.017
02:39:12:  Altitude: 17.986
02:39:12: Reached target altitude
