22:12:46: arm_and_takeoff called:
22:12:46: Arming motors
22:12:46:  Waiting for arming...
22:12:47: Taking off starts
22:12:47:  Altitude: 0.0
22:12:48:  Altitude: 0.001
22:12:49:  Altitude: 0.001
22:12:50:  Altitude: 0.032
22:12:51:  Altitude: 1.11
22:12:52:  Altitude: 3.107
22:12:53:  Altitude: 5.567
22:12:54:  Altitude: 7.484
22:12:55:  Altitude: 8.83
22:12:56:  Altitude: 9.637
22:12:56: Reached target altitude
22:12:58: arm_and_takeoff called:
22:12:58: Arming motors
22:12:58:  Waiting for arming...
22:12:59: Taking off starts
22:12:59:  Altitude: 0.002
22:13:00:  Altitude: 0.002
22:13:01:  Altitude: 0.002
22:13:02:  Altitude: 0.009
22:13:03:  Altitude: 0.628
22:13:04:  Altitude: 2.216
22:13:05:  Altitude: 4.669
22:13:06:  Altitude: 7.03
22:13:07:  Altitude: 8.814
22:13:08:  Altitude: 10.056
22:13:09:  Altitude: 10.739
22:13:09: Reached target altitude
22:13:22: arm_and_takeoff called:
22:13:22: Arming motors
22:13:22:  Waiting for arming...
22:13:23: Taking off starts
22:13:23:  Altitude: 0.003
22:13:24:  Altitude: 0.003
22:13:25:  Altitude: 0.003
22:13:26:  Altitude: 0.118
22:13:27:  Altitude: 1.279
22:13:28:  Altitude: 3.37
22:13:29:  Altitude: 5.924
22:13:30:  Altitude: 8.215
22:13:31:  Altitude: 9.951
22:13:32:  Altitude: 11.144
22:13:33:  Altitude: 11.773
22:13:33: Reached target altitude
