11:54:35: arm_and_takeoff called:
11:54:35: Arming motors
11:54:35:  Waiting for arming...
11:54:36: Taking off starts
11:54:36:  Altitude: -0.009
11:54:37: arm_and_takeoff called:
11:54:37: Arming motors
11:54:37: Taking off starts
11:54:37:  Altitude: 1.229
11:54:37:  Altitude: -0.017
11:54:38:  Altitude: 0.863
11:54:38:  Altitude: -0.023
11:54:39:  Altitude: 0.888
11:54:39:  Altitude: 0.093
11:54:40:  Altitude: 0.893
11:54:40:  Altitude: 1.282
11:54:41:  Altitude: 0.89
11:54:41:  Altitude: 3.39
11:54:42:  Altitude: 0.891
11:54:42:  Altitude: 5.942
11:54:43:  Altitude: 0.892
11:54:43:  Altitude: 8.226
11:54:44:  Altitude: 0.894
11:54:44:  Altitude: 9.946
11:54:45:  Altitude: 0.894
11:54:45:  Altitude: 11.14
11:54:46:  Altitude: 0.894
11:54:46:  Altitude: 11.769
11:54:46: Reached target altitude
11:54:47:  Altitude: 0.894
11:54:48:  Altitude: 0.894
11:54:49:  Altitude: 0.894
11:54:50:  Altitude: 0.894
11:54:51:  Altitude: 0.894
11:54:52:  Altitude: 0.894
11:54:53:  Altitude: 0.894
11:54:54:  Altitude: 0.893
11:54:55:  Altitude: 0.892
11:54:56:  Altitude: 0.892
11:54:57:  Altitude: 0.892
11:54:58:  Altitude: 0.891
11:54:59:  Altitude: 0.891
11:55:00:  Altitude: 0.891
11:55:01:  Altitude: 0.891
11:55:02:  Altitude: 0.891
11:55:03:  Altitude: 0.891
11:55:04:  Altitude: 0.891
11:55:05:  Altitude: 0.891
11:55:06:  Altitude: 0.891
11:55:07:  Altitude: 0.889
11:55:08:  Altitude: 0.889
11:55:09:  Altitude: 0.89
11:55:10:  Altitude: 0.891
11:55:11:  Altitude: 0.891
11:55:12:  Altitude: 0.89
11:55:13:  Altitude: 0.889
11:55:14:  Altitude: 0.889
