10:25:06: arm_and_takeoff called:
10:25:06: Arming motors
10:25:06: Taking off starts
10:25:06:  Altitude: 2.804
10:25:07:  Altitude: 2.804
10:25:08:  Altitude: 2.802
10:25:09:  Altitude: 2.801
10:25:10:  Altitude: 2.801
10:25:11:  Altitude: 2.803
10:25:12:  Altitude: 2.804
10:25:13:  Altitude: 2.804
10:25:14:  Altitude: 2.802
10:25:15:  Altitude: 2.801
10:25:16:  Altitude: 2.802
10:25:17:  Altitude: 2.804
10:25:18:  Altitude: 2.804
10:25:50: arm_and_takeoff called:
10:25:50: Waiting for self to initialise...
10:25:51: Arming motors
10:25:51:  Waiting for arming...
10:25:52: Taking off starts
10:25:52:  Altitude: 0.0
10:25:53:  Altitude: 0.0
10:25:54:  Altitude: 0.0
10:25:55:  Altitude: 0.069
10:25:56:  Altitude: 1.069
10:25:57:  Altitude: 2.533
10:25:58:  Altitude: 3.424
10:25:59:  Altitude: 3.686
10:25:59: Reached target altitude
