12:36:21: arm_and_takeoff called:
12:36:21: Arming motors
12:36:21:  Waiting for arming...
12:36:22: Taking off starts
12:36:22:  Altitude: 0.002
12:36:23:  Altitude: 0.002
12:36:24:  Altitude: 0.002
12:36:25:  Altitude: 0.07
12:36:26:  Altitude: 1.075
12:36:27:  Altitude: 3.012
12:36:28:  Altitude: 5.483
12:36:29:  Altitude: 7.42
12:36:30:  Altitude: 8.794
12:36:31:  Altitude: 9.62
12:36:31: Reached target altitude
12:36:33: arm_and_takeoff called:
12:36:33: Arming motors
12:36:33:  Waiting for arming...
12:36:34: Taking off starts
12:36:34:  Altitude: 0.003
12:36:35:  Altitude: 0.003
12:36:36:  Altitude: 0.003
12:36:37:  Altitude: 0.074
12:36:38:  Altitude: 1.07
12:36:39:  Altitude: 3.029
12:36:40:  Altitude: 5.573
12:36:41:  Altitude: 7.73
12:36:42:  Altitude: 9.315
12:36:43:  Altitude: 10.357
12:36:43: Reached target altitude
12:36:46: arm_and_takeoff called:
12:36:46: Arming motors
12:36:46:  Waiting for arming...
12:36:47: Taking off starts
12:36:47:  Altitude: 0.003
12:36:48:  Altitude: 0.003
12:36:49:  Altitude: 0.002
12:36:50:  Altitude: 0.05
12:36:51:  Altitude: 0.966
12:36:52:  Altitude: 2.812
12:36:53:  Altitude: 5.35
12:36:54:  Altitude: 8.455
12:36:55:  Altitude: 10.126
12:36:56:  Altitude: 11.249
12:36:56: Reached target altitude
