12:57:25: arm_and_takeoff called:
12:57:25: Arming motors
12:57:25:  Waiting for arming...
12:57:26: Taking off starts
12:57:26:  Altitude: 0.004
12:57:27:  Altitude: 0.004
12:57:28:  Altitude: 0.004
12:57:29:  Altitude: 0.16
12:57:30:  Altitude: 1.107
12:57:31:  Altitude: 3.078
12:57:32:  Altitude: 5.538
12:57:33:  Altitude: 7.463
12:57:34:  Altitude: 8.824
12:57:35:  Altitude: 9.634
12:57:35: Reached target altitude
12:57:37: arm_and_takeoff called:
12:57:37: Arming motors
12:57:37:  Waiting for arming...
12:57:38: Taking off starts
12:57:38:  Altitude: 0.004
12:57:39:  Altitude: 0.003
12:57:40:  Altitude: 0.003
12:57:41:  Altitude: 0.081
12:57:42:  Altitude: 1.106
12:57:43:  Altitude: 3.085
12:57:44:  Altitude: 5.626
12:57:45:  Altitude: 7.762
12:57:46:  Altitude: 9.343
12:57:47:  Altitude: 10.378
12:57:47: Reached target altitude
12:58:01: arm_and_takeoff called:
12:58:01: Arming motors
12:58:01:  Waiting for arming...
12:58:02: Taking off starts
12:58:02:  Altitude: 0.002
12:58:03:  Altitude: 0.002
12:58:04:  Altitude: 0.002
12:58:05:  Altitude: 0.106
12:58:06:  Altitude: 1.239
12:58:07:  Altitude: 3.292
12:58:08:  Altitude: 5.845
12:58:09:  Altitude: 8.159
12:58:10:  Altitude: 9.911
12:58:11:  Altitude: 11.113
12:58:12:  Altitude: 11.756
12:58:12: Reached target altitude
