15:48:39: arm_and_takeoff called:
15:48:39: Waiting for self to initialise...
15:48:40: Waiting for self to initialise...
15:48:41: Waiting for self to initialise...
15:48:42: Waiting for self to initialise...
15:48:43: Waiting for self to initialise...
15:48:45: Waiting for self to initialise...
15:48:46: Waiting for self to initialise...
15:48:47: Waiting for self to initialise...
15:48:48: Waiting for self to initialise...
15:48:49: Waiting for self to initialise...
15:48:50: Waiting for self to initialise...
15:48:51: Waiting for self to initialise...
15:48:52: Waiting for self to initialise...
15:48:53: Waiting for self to initialise...
15:48:54: Waiting for self to initialise...
15:48:55: Waiting for self to initialise...
15:48:56: Waiting for self to initialise...
15:48:57: Waiting for self to initialise...
15:48:58: Waiting for self to initialise...
15:48:59: Waiting for self to initialise...
15:49:00: Waiting for self to initialise...
15:49:01: Arming motors
15:49:01:  Waiting for arming...
15:49:02: Taking off starts
15:49:02:  Altitude: 0.003
15:49:03:  Altitude: 0.003
15:49:04:  Altitude: 0.003
15:49:05:  Altitude: 0.118
15:49:06:  Altitude: 1.277
15:49:07:  Altitude: 3.362
15:49:08:  Altitude: 5.795
15:49:09:  Altitude: 7.637
15:49:10:  Altitude: 8.935
15:49:11:  Altitude: 9.696
15:49:11: Reached target altitude
15:49:13: arm_and_takeoff called:
15:49:13: Arming motors
15:49:13:  Waiting for arming...
15:49:14: Taking off starts
15:49:14:  Altitude: 0.002
15:49:15:  Altitude: 0.002
15:49:16:  Altitude: 0.002
15:49:17:  Altitude: 0.205
15:49:18:  Altitude: 1.507
15:49:19:  Altitude: 3.714
15:49:20:  Altitude: 6.217
15:49:21:  Altitude: 8.216
15:49:22:  Altitude: 9.661
15:49:23:  Altitude: 10.556
15:49:23: Reached target altitude
15:49:26: arm_and_takeoff called:
15:49:26: Arming motors
15:49:26:  Waiting for arming...
15:49:27: Taking off starts
15:49:27:  Altitude: 0.002
15:49:28:  Altitude: 0.002
15:49:29:  Altitude: 0.002
15:49:30:  Altitude: 0.124
15:49:31:  Altitude: 1.31
15:49:32:  Altitude: 3.42
15:49:33:  Altitude: 5.99
15:49:34:  Altitude: 8.263
15:49:35:  Altitude: 9.985
15:49:36:  Altitude: 11.156
15:49:37:  Altitude: 11.772
15:49:37: Reached target altitude
