15:36:32: arm_and_takeoff called:
15:36:32: Arming motors
15:36:32: Taking off starts
15:36:32:  Altitude: 9.79
15:36:32: Reached target altitude
15:36:47: arm_and_takeoff called:
15:36:47: Arming motors
15:36:47:  Waiting for arming...
15:36:48: Taking off starts
15:36:48:  Altitude: 0.003
15:36:49:  Altitude: 0.003
15:36:50:  Altitude: 0.003
15:36:51:  Altitude: 0.003
15:36:52:  Altitude: 0.503
15:36:53:  Altitude: 1.984
15:36:54:  Altitude: 4.38
15:36:55:  Altitude: 6.882
15:36:56:  Altitude: 8.955
15:36:57:  Altitude: 10.48
15:36:58:  Altitude: 11.459
15:36:58: Reached target altitude
