15:16:57: arm_and_takeoff called:
15:16:57: Arming motors
15:16:57:  Waiting for arming...
15:16:58: Taking off starts
15:16:58:  Altitude: 0.007
15:16:59:  Altitude: 0.007
15:17:00:  Altitude: 0.007
15:17:01:  Altitude: 0.139
15:17:02:  Altitude: 1.363
15:17:03:  Altitude: 3.487
15:17:04:  Altitude: 5.902
15:17:05:  Altitude: 7.723
15:17:06:  Altitude: 8.779
15:17:07:  Altitude: 9.609
15:17:07: Reached target altitude
15:17:10: arm_and_takeoff called:
15:17:10: Arming motors
15:17:10:  Waiting for arming...
15:17:11: Taking off starts
15:17:11:  Altitude: 0.001
15:17:12:  Altitude: 0.001
15:17:13:  Altitude: 0.001
15:17:14:  Altitude: 0.056
15:17:15:  Altitude: 0.999
15:17:16:  Altitude: 2.876
15:17:17:  Altitude: 5.416
15:17:18:  Altitude: 7.598
15:17:19:  Altitude: 9.224
15:17:20:  Altitude: 10.307
15:17:20: Reached target altitude
15:17:33: arm_and_takeoff called:
15:17:33: Arming motors
15:17:33:  Waiting for arming...
15:17:34: Taking off starts
15:17:34:  Altitude: 0.003
15:17:35:  Altitude: 0.003
15:17:36:  Altitude: 0.003
15:17:37:  Altitude: 0.175
15:17:38:  Altitude: 1.446
15:17:39:  Altitude: 3.622
15:17:40:  Altitude: 6.178
15:17:41:  Altitude: 8.414
15:17:42:  Altitude: 10.094
15:17:43:  Altitude: 11.231
15:17:43: Reached target altitude
